[ 2013-03-09T15:58:55+08:00 ] 127.0.0.1 /yuejian/h.php?m=Upload&a=crop
INFO: [ app_begin ] --START--
INFO: Run ReadHtmlCache Behavior [ RunTime:0.008198s ]
INFO: [ app_begin ] --END-- [ RunTime:0.008315s ]
NOTIC: [2] getimagesize(./yuejian/Uploads/avatar/large_513aeb6b7d3f4.jpg): failed to open stream: No such file or directory E:\xampp\htdocs\yuejian\ThinkPHP\Extend\Library\ORG\Util\Image.class.php 第 30 行.

[ 2013-03-09T15:58:56+08:00 ] 127.0.0.1 /yuejian/h.php?m=Upload&a=crop
INFO: [ app_begin ] --START--
INFO: Run ReadHtmlCache Behavior [ RunTime:0.000912s ]
INFO: [ app_begin ] --END-- [ RunTime:0.001012s ]
NOTIC: [2] getimagesize(./yuejian/Uploads/avatar/large_513aeb6b7d3f4.jpg): failed to open stream: No such file or directory E:\xampp\htdocs\yuejian\ThinkPHP\Extend\Library\ORG\Util\Image.class.php 第 30 行.

[ 2013-03-09T15:59:47+08:00 ] 127.0.0.1 /yuejian/h.php?m=Upload&a=crop
INFO: [ app_begin ] --START--
INFO: Run ReadHtmlCache Behavior [ RunTime:0.000834s ]
INFO: [ app_begin ] --END-- [ RunTime:0.000930s ]
NOTIC: [2] getimagesize(./yuejian/Uploads/avatar/large_513aeaa38f22c.jpg): failed to open stream: No such file or directory E:\xampp\htdocs\yuejian\ThinkPHP\Extend\Library\ORG\Util\Image.class.php 第 30 行.

[ 2013-03-09T16:00:15+08:00 ] 127.0.0.1 /yuejian/h.php?m=Upload&a=crop
INFO: [ app_begin ] --START--
INFO: Run ReadHtmlCache Behavior [ RunTime:0.000869s ]
INFO: [ app_begin ] --END-- [ RunTime:0.000958s ]
NOTIC: [2] getimagesize(./yuejian/Uploads/avatar/large_513aeaa38f22c.jpg): failed to open stream: No such file or directory E:\xampp\htdocs\yuejian\ThinkPHP\Extend\Library\ORG\Util\Image.class.php 第 30 行.

[ 2013-03-09T16:00:55+08:00 ] 127.0.0.1 /yuejian/h.php?m=Upload&a=crop
INFO: [ app_begin ] --START--
INFO: Run ReadHtmlCache Behavior [ RunTime:0.002196s ]
INFO: [ app_begin ] --END-- [ RunTime:0.002313s ]
NOTIC: [2] getimagesize(./yuejian/Uploads/avatar/large_513aebb41f19f.jpg): failed to open stream: No such file or directory E:\xampp\htdocs\yuejian\ThinkPHP\Extend\Library\ORG\Util\Image.class.php 第 30 行.

[ 2013-03-09T16:01:16+08:00 ] 127.0.0.1 /yuejian/h.php?m=Upload&a=crop
INFO: [ app_begin ] --START--
INFO: Run ReadHtmlCache Behavior [ RunTime:0.001145s ]
INFO: [ app_begin ] --END-- [ RunTime:0.001237s ]
NOTIC: [2] getimagesize(./yuejian/Uploads/avatar/large_513aec342ef51.jpg): failed to open stream: No such file or directory E:\xampp\htdocs\yuejian\ThinkPHP\Extend\Library\ORG\Util\Image.class.php 第 30 行.

