[ 2013-03-03T15:39:45+08:00 ] 127.0.0.1 /yuejian/
INFO: [ app_begin ] --START--
INFO: Run ReadHtmlCache Behavior [ RunTime:0.001465s ]
INFO: [ app_begin ] --END-- [ RunTime:0.001701s ]
INFO: [ view_parse ] --START--
INFO: Run ParseTemplate Behavior [ RunTime:0.016233s ]
INFO: [ view_parse ] --END-- [ RunTime:0.016340s ]
INFO: [ view_filter ] --START--
INFO: Run ContentReplace Behavior [ RunTime:0.002000s ]
INFO: Run TokenBuild Behavior [ RunTime:0.001914s ]
INFO: Run WriteHtmlCache Behavior [ RunTime:0.001469s ]
INFO: Run ShowRuntime Behavior [ RunTime:0.001489s ]
INFO: [ view_filter ] --END-- [ RunTime:0.007156s ]
INFO: [ view_end ] --START--
INFO: Run ShowPageTrace Behavior [ RunTime:0.001743s ]
INFO: [ view_end ] --END-- [ RunTime:0.001843s ]

[ 2013-03-03T16:03:49+08:00 ] 127.0.0.1 /yuejian/
INFO: [ app_begin ] --START--
INFO: Run ReadHtmlCache Behavior [ RunTime:0.001642s ]
INFO: [ app_begin ] --END-- [ RunTime:0.001780s ]
INFO: [ view_parse ] --START--
INFO: Run ParseTemplate Behavior [ RunTime:0.002609s ]
INFO: [ view_parse ] --END-- [ RunTime:0.002784s ]
INFO: [ view_filter ] --START--
INFO: Run ContentReplace Behavior [ RunTime:0.001177s ]
INFO: Run TokenBuild Behavior [ RunTime:0.001713s ]
INFO: Run WriteHtmlCache Behavior [ RunTime:0.001542s ]
INFO: Run ShowRuntime Behavior [ RunTime:0.001421s ]
INFO: [ view_filter ] --END-- [ RunTime:0.006153s ]
INFO: [ view_end ] --START--
INFO: Run ShowPageTrace Behavior [ RunTime:0.001458s ]
INFO: [ view_end ] --END-- [ RunTime:0.001536s ]

[ 2013-03-03T16:05:04+08:00 ] 127.0.0.1 /yuejian/
INFO: [ app_begin ] --START--
INFO: Run ReadHtmlCache Behavior [ RunTime:0.001660s ]
INFO: [ app_begin ] --END-- [ RunTime:0.001790s ]
INFO: [ view_template ] --START--
INFO: Run LocationTemplate Behavior [ RunTime:0.002278s ]
INFO: [ view_template ] --END-- [ RunTime:0.002416s ]
INFO: [ view_parse ] --START--
NOTIC: [2] include(headlogo.php): failed to open stream: No such file or directory E:\xampp\htdocs\yuejian\Home\Runtime\Cache\7e4848229090366086cc7eeb3bfc0798.php 第 91 行.
NOTIC: [2] include(): Failed opening 'headlogo.php' for inclusion (include_path='.;E:\xampp\php\PEAR;E:\xampp\htdocs\yuejian\ThinkPHP/Extend/Vendor/') E:\xampp\htdocs\yuejian\Home\Runtime\Cache\7e4848229090366086cc7eeb3bfc0798.php 第 91 行.
NOTIC: [2] include(logindiv.php): failed to open stream: No such file or directory E:\xampp\htdocs\yuejian\Home\Runtime\Cache\7e4848229090366086cc7eeb3bfc0798.php 第 92 行.
NOTIC: [2] include(): Failed opening 'logindiv.php' for inclusion (include_path='.;E:\xampp\php\PEAR;E:\xampp\htdocs\yuejian\ThinkPHP/Extend/Vendor/') E:\xampp\htdocs\yuejian\Home\Runtime\Cache\7e4848229090366086cc7eeb3bfc0798.php 第 92 行.
NOTIC: [2] include(registerdiv.php): failed to open stream: No such file or directory E:\xampp\htdocs\yuejian\Home\Runtime\Cache\7e4848229090366086cc7eeb3bfc0798.php 第 93 行.
NOTIC: [2] include(): Failed opening 'registerdiv.php' for inclusion (include_path='.;E:\xampp\php\PEAR;E:\xampp\htdocs\yuejian\ThinkPHP/Extend/Vendor/') E:\xampp\htdocs\yuejian\Home\Runtime\Cache\7e4848229090366086cc7eeb3bfc0798.php 第 93 行.
NOTIC: [2] include(leaddiv.php): failed to open stream: No such file or directory E:\xampp\htdocs\yuejian\Home\Runtime\Cache\7e4848229090366086cc7eeb3bfc0798.php 第 94 行.
NOTIC: [2] include(): Failed opening 'leaddiv.php' for inclusion (include_path='.;E:\xampp\php\PEAR;E:\xampp\htdocs\yuejian\ThinkPHP/Extend/Vendor/') E:\xampp\htdocs\yuejian\Home\Runtime\Cache\7e4848229090366086cc7eeb3bfc0798.php 第 94 行.
NOTIC: [2] include(baptrade.php): failed to open stream: No such file or directory E:\xampp\htdocs\yuejian\Home\Runtime\Cache\7e4848229090366086cc7eeb3bfc0798.php 第 95 行.
NOTIC: [2] include(): Failed opening 'baptrade.php' for inclusion (include_path='.;E:\xampp\php\PEAR;E:\xampp\htdocs\yuejian\ThinkPHP/Extend/Vendor/') E:\xampp\htdocs\yuejian\Home\Runtime\Cache\7e4848229090366086cc7eeb3bfc0798.php 第 95 行.
INFO: Run ParseTemplate Behavior [ RunTime:0.020405s ]
INFO: [ view_parse ] --END-- [ RunTime:0.020490s ]
INFO: [ view_filter ] --START--
INFO: Run ContentReplace Behavior [ RunTime:0.001212s ]
INFO: Run TokenBuild Behavior [ RunTime:0.001392s ]
INFO: Run WriteHtmlCache Behavior [ RunTime:0.001267s ]
INFO: Run ShowRuntime Behavior [ RunTime:0.001487s ]
INFO: [ view_filter ] --END-- [ RunTime:0.005652s ]
INFO: [ view_end ] --START--
INFO: Run ShowPageTrace Behavior [ RunTime:0.002271s ]
INFO: [ view_end ] --END-- [ RunTime:0.002374s ]

[ 2013-03-03T16:12:52+08:00 ] 127.0.0.1 /yuejian/
INFO: [ app_begin ] --START--
INFO: Run ReadHtmlCache Behavior [ RunTime:0.001562s ]
INFO: [ app_begin ] --END-- [ RunTime:0.001675s ]
INFO: [ view_template ] --START--
INFO: Run LocationTemplate Behavior [ RunTime:0.002077s ]
INFO: [ view_template ] --END-- [ RunTime:0.002198s ]
INFO: [ view_parse ] --START--
NOTIC: [2] include(headlogo.php): failed to open stream: No such file or directory E:\xampp\htdocs\yuejian\Home\Runtime\Cache\7e4848229090366086cc7eeb3bfc0798.php 第 91 行.
NOTIC: [2] include(): Failed opening 'headlogo.php' for inclusion (include_path='.;E:\xampp\php\PEAR;E:\xampp\htdocs\yuejian\ThinkPHP/Extend/Vendor/') E:\xampp\htdocs\yuejian\Home\Runtime\Cache\7e4848229090366086cc7eeb3bfc0798.php 第 91 行.
NOTIC: [2] include(logindiv.php): failed to open stream: No such file or directory E:\xampp\htdocs\yuejian\Home\Runtime\Cache\7e4848229090366086cc7eeb3bfc0798.php 第 92 行.
NOTIC: [2] include(): Failed opening 'logindiv.php' for inclusion (include_path='.;E:\xampp\php\PEAR;E:\xampp\htdocs\yuejian\ThinkPHP/Extend/Vendor/') E:\xampp\htdocs\yuejian\Home\Runtime\Cache\7e4848229090366086cc7eeb3bfc0798.php 第 92 行.
NOTIC: [2] include(registerdiv.php): failed to open stream: No such file or directory E:\xampp\htdocs\yuejian\Home\Runtime\Cache\7e4848229090366086cc7eeb3bfc0798.php 第 93 行.
NOTIC: [2] include(): Failed opening 'registerdiv.php' for inclusion (include_path='.;E:\xampp\php\PEAR;E:\xampp\htdocs\yuejian\ThinkPHP/Extend/Vendor/') E:\xampp\htdocs\yuejian\Home\Runtime\Cache\7e4848229090366086cc7eeb3bfc0798.php 第 93 行.
NOTIC: [2] include(leaddiv.php): failed to open stream: No such file or directory E:\xampp\htdocs\yuejian\Home\Runtime\Cache\7e4848229090366086cc7eeb3bfc0798.php 第 94 行.
NOTIC: [2] include(): Failed opening 'leaddiv.php' for inclusion (include_path='.;E:\xampp\php\PEAR;E:\xampp\htdocs\yuejian\ThinkPHP/Extend/Vendor/') E:\xampp\htdocs\yuejian\Home\Runtime\Cache\7e4848229090366086cc7eeb3bfc0798.php 第 94 行.
NOTIC: [2] include(baptrade.php): failed to open stream: No such file or directory E:\xampp\htdocs\yuejian\Home\Runtime\Cache\7e4848229090366086cc7eeb3bfc0798.php 第 95 行.
NOTIC: [2] include(): Failed opening 'baptrade.php' for inclusion (include_path='.;E:\xampp\php\PEAR;E:\xampp\htdocs\yuejian\ThinkPHP/Extend/Vendor/') E:\xampp\htdocs\yuejian\Home\Runtime\Cache\7e4848229090366086cc7eeb3bfc0798.php 第 95 行.
INFO: Run ParseTemplate Behavior [ RunTime:0.026445s ]
INFO: [ view_parse ] --END-- [ RunTime:0.026517s ]
INFO: [ view_filter ] --START--
INFO: Run ContentReplace Behavior [ RunTime:0.001346s ]
INFO: Run TokenBuild Behavior [ RunTime:0.001052s ]
INFO: Run WriteHtmlCache Behavior [ RunTime:0.002819s ]
INFO: Run ShowRuntime Behavior [ RunTime:0.001304s ]
INFO: [ view_filter ] --END-- [ RunTime:0.006763s ]
INFO: [ view_end ] --START--
INFO: Run ShowPageTrace Behavior [ RunTime:0.001496s ]
INFO: [ view_end ] --END-- [ RunTime:0.001576s ]

[ 2013-03-03T16:14:15+08:00 ] 127.0.0.1 /yuejian/
INFO: [ app_begin ] --START--
INFO: Run ReadHtmlCache Behavior [ RunTime:0.001364s ]
INFO: [ app_begin ] --END-- [ RunTime:0.001493s ]
INFO: [ view_template ] --START--
INFO: Run LocationTemplate Behavior [ RunTime:0.002088s ]
INFO: [ view_template ] --END-- [ RunTime:0.002210s ]
INFO: [ view_parse ] --START--
NOTIC: [2] include(headlogo.php): failed to open stream: No such file or directory E:\xampp\htdocs\yuejian\Home\Runtime\Cache\7e4848229090366086cc7eeb3bfc0798.php 第 91 行.
NOTIC: [2] include(): Failed opening 'headlogo.php' for inclusion (include_path='.;E:\xampp\php\PEAR;E:\xampp\htdocs\yuejian\ThinkPHP/Extend/Vendor/') E:\xampp\htdocs\yuejian\Home\Runtime\Cache\7e4848229090366086cc7eeb3bfc0798.php 第 91 行.
NOTIC: [2] include(logindiv.php): failed to open stream: No such file or directory E:\xampp\htdocs\yuejian\Home\Runtime\Cache\7e4848229090366086cc7eeb3bfc0798.php 第 92 行.
NOTIC: [2] include(): Failed opening 'logindiv.php' for inclusion (include_path='.;E:\xampp\php\PEAR;E:\xampp\htdocs\yuejian\ThinkPHP/Extend/Vendor/') E:\xampp\htdocs\yuejian\Home\Runtime\Cache\7e4848229090366086cc7eeb3bfc0798.php 第 92 行.
NOTIC: [2] include(registerdiv.php): failed to open stream: No such file or directory E:\xampp\htdocs\yuejian\Home\Runtime\Cache\7e4848229090366086cc7eeb3bfc0798.php 第 93 行.
NOTIC: [2] include(): Failed opening 'registerdiv.php' for inclusion (include_path='.;E:\xampp\php\PEAR;E:\xampp\htdocs\yuejian\ThinkPHP/Extend/Vendor/') E:\xampp\htdocs\yuejian\Home\Runtime\Cache\7e4848229090366086cc7eeb3bfc0798.php 第 93 行.
NOTIC: [2] include(leaddiv.php): failed to open stream: No such file or directory E:\xampp\htdocs\yuejian\Home\Runtime\Cache\7e4848229090366086cc7eeb3bfc0798.php 第 94 行.
NOTIC: [2] include(): Failed opening 'leaddiv.php' for inclusion (include_path='.;E:\xampp\php\PEAR;E:\xampp\htdocs\yuejian\ThinkPHP/Extend/Vendor/') E:\xampp\htdocs\yuejian\Home\Runtime\Cache\7e4848229090366086cc7eeb3bfc0798.php 第 94 行.
NOTIC: [2] include(baptrade.php): failed to open stream: No such file or directory E:\xampp\htdocs\yuejian\Home\Runtime\Cache\7e4848229090366086cc7eeb3bfc0798.php 第 95 行.
NOTIC: [2] include(): Failed opening 'baptrade.php' for inclusion (include_path='.;E:\xampp\php\PEAR;E:\xampp\htdocs\yuejian\ThinkPHP/Extend/Vendor/') E:\xampp\htdocs\yuejian\Home\Runtime\Cache\7e4848229090366086cc7eeb3bfc0798.php 第 95 行.
INFO: Run ParseTemplate Behavior [ RunTime:0.017277s ]
INFO: [ view_parse ] --END-- [ RunTime:0.017353s ]
INFO: [ view_filter ] --START--
INFO: Run ContentReplace Behavior [ RunTime:0.000874s ]
INFO: Run TokenBuild Behavior [ RunTime:0.000768s ]
INFO: Run WriteHtmlCache Behavior [ RunTime:0.001165s ]
INFO: Run ShowRuntime Behavior [ RunTime:0.001280s ]
INFO: [ view_filter ] --END-- [ RunTime:0.004382s ]
INFO: [ view_end ] --START--
INFO: Run ShowPageTrace Behavior [ RunTime:0.001617s ]
INFO: [ view_end ] --END-- [ RunTime:0.001701s ]

[ 2013-03-03T16:36:55+08:00 ] 127.0.0.1 /yuejian/
INFO: [ app_begin ] --START--
INFO: Run ReadHtmlCache Behavior [ RunTime:0.001557s ]
INFO: [ app_begin ] --END-- [ RunTime:0.001674s ]
INFO: [ view_template ] --START--
INFO: Run LocationTemplate Behavior [ RunTime:0.003071s ]
INFO: [ view_template ] --END-- [ RunTime:0.003259s ]
INFO: [ view_parse ] --START--
NOTIC: [2] file_get_contents(../pages/headlogo.html): failed to open stream: No such file or directory E:\xampp\htdocs\yuejian\ThinkPHP\Lib\Template\ThinkTemplate.class.php 第 686 行.
NOTIC: [2] include(logindiv.php): failed to open stream: No such file or directory E:\xampp\htdocs\yuejian\Home\Runtime\Cache\7e4848229090366086cc7eeb3bfc0798.php 第 92 行.
NOTIC: [2] include(): Failed opening 'logindiv.php' for inclusion (include_path='.;E:\xampp\php\PEAR;E:\xampp\htdocs\yuejian\ThinkPHP/Extend/Vendor/') E:\xampp\htdocs\yuejian\Home\Runtime\Cache\7e4848229090366086cc7eeb3bfc0798.php 第 92 行.
NOTIC: [2] include(registerdiv.php): failed to open stream: No such file or directory E:\xampp\htdocs\yuejian\Home\Runtime\Cache\7e4848229090366086cc7eeb3bfc0798.php 第 93 行.
NOTIC: [2] include(): Failed opening 'registerdiv.php' for inclusion (include_path='.;E:\xampp\php\PEAR;E:\xampp\htdocs\yuejian\ThinkPHP/Extend/Vendor/') E:\xampp\htdocs\yuejian\Home\Runtime\Cache\7e4848229090366086cc7eeb3bfc0798.php 第 93 行.
NOTIC: [2] include(leaddiv.php): failed to open stream: No such file or directory E:\xampp\htdocs\yuejian\Home\Runtime\Cache\7e4848229090366086cc7eeb3bfc0798.php 第 94 行.
NOTIC: [2] include(): Failed opening 'leaddiv.php' for inclusion (include_path='.;E:\xampp\php\PEAR;E:\xampp\htdocs\yuejian\ThinkPHP/Extend/Vendor/') E:\xampp\htdocs\yuejian\Home\Runtime\Cache\7e4848229090366086cc7eeb3bfc0798.php 第 94 行.
NOTIC: [2] include(baptrade.php): failed to open stream: No such file or directory E:\xampp\htdocs\yuejian\Home\Runtime\Cache\7e4848229090366086cc7eeb3bfc0798.php 第 95 行.
NOTIC: [2] include(): Failed opening 'baptrade.php' for inclusion (include_path='.;E:\xampp\php\PEAR;E:\xampp\htdocs\yuejian\ThinkPHP/Extend/Vendor/') E:\xampp\htdocs\yuejian\Home\Runtime\Cache\7e4848229090366086cc7eeb3bfc0798.php 第 95 行.
INFO: Run ParseTemplate Behavior [ RunTime:0.088608s ]
INFO: [ view_parse ] --END-- [ RunTime:0.088702s ]
INFO: [ view_filter ] --START--
INFO: Run ContentReplace Behavior [ RunTime:0.001303s ]
INFO: Run TokenBuild Behavior [ RunTime:0.001103s ]
INFO: Run WriteHtmlCache Behavior [ RunTime:0.001055s ]
INFO: Run ShowRuntime Behavior [ RunTime:0.001155s ]
INFO: [ view_filter ] --END-- [ RunTime:0.004921s ]
INFO: [ view_end ] --START--
INFO: Run ShowPageTrace Behavior [ RunTime:0.001320s ]
INFO: [ view_end ] --END-- [ RunTime:0.001403s ]

[ 2013-03-03T16:40:10+08:00 ] 127.0.0.1 /yuejian/
INFO: [ app_begin ] --START--
INFO: Run ReadHtmlCache Behavior [ RunTime:0.001777s ]
INFO: [ app_begin ] --END-- [ RunTime:0.001919s ]
INFO: [ view_template ] --START--
INFO: Run LocationTemplate Behavior [ RunTime:0.002449s ]
INFO: [ view_template ] --END-- [ RunTime:0.002567s ]
INFO: [ view_parse ] --START--
NOTIC: [2] file_get_contents(../pages/headlogo.html): failed to open stream: No such file or directory E:\xampp\htdocs\yuejian\ThinkPHP\Lib\Template\ThinkTemplate.class.php 第 686 行.
NOTIC: [2] include(logindiv.php): failed to open stream: No such file or directory E:\xampp\htdocs\yuejian\Home\Runtime\Cache\7e4848229090366086cc7eeb3bfc0798.php 第 92 行.
NOTIC: [2] include(): Failed opening 'logindiv.php' for inclusion (include_path='.;E:\xampp\php\PEAR;E:\xampp\htdocs\yuejian\ThinkPHP/Extend/Vendor/') E:\xampp\htdocs\yuejian\Home\Runtime\Cache\7e4848229090366086cc7eeb3bfc0798.php 第 92 行.
NOTIC: [2] include(registerdiv.php): failed to open stream: No such file or directory E:\xampp\htdocs\yuejian\Home\Runtime\Cache\7e4848229090366086cc7eeb3bfc0798.php 第 93 行.
NOTIC: [2] include(): Failed opening 'registerdiv.php' for inclusion (include_path='.;E:\xampp\php\PEAR;E:\xampp\htdocs\yuejian\ThinkPHP/Extend/Vendor/') E:\xampp\htdocs\yuejian\Home\Runtime\Cache\7e4848229090366086cc7eeb3bfc0798.php 第 93 行.
NOTIC: [2] include(leaddiv.php): failed to open stream: No such file or directory E:\xampp\htdocs\yuejian\Home\Runtime\Cache\7e4848229090366086cc7eeb3bfc0798.php 第 94 行.
NOTIC: [2] include(): Failed opening 'leaddiv.php' for inclusion (include_path='.;E:\xampp\php\PEAR;E:\xampp\htdocs\yuejian\ThinkPHP/Extend/Vendor/') E:\xampp\htdocs\yuejian\Home\Runtime\Cache\7e4848229090366086cc7eeb3bfc0798.php 第 94 行.
NOTIC: [2] include(baptrade.php): failed to open stream: No such file or directory E:\xampp\htdocs\yuejian\Home\Runtime\Cache\7e4848229090366086cc7eeb3bfc0798.php 第 95 行.
NOTIC: [2] include(): Failed opening 'baptrade.php' for inclusion (include_path='.;E:\xampp\php\PEAR;E:\xampp\htdocs\yuejian\ThinkPHP/Extend/Vendor/') E:\xampp\htdocs\yuejian\Home\Runtime\Cache\7e4848229090366086cc7eeb3bfc0798.php 第 95 行.
INFO: Run ParseTemplate Behavior [ RunTime:0.021402s ]
INFO: [ view_parse ] --END-- [ RunTime:0.021475s ]
INFO: [ view_filter ] --START--
INFO: Run ContentReplace Behavior [ RunTime:0.001084s ]
INFO: Run TokenBuild Behavior [ RunTime:0.001038s ]
INFO: Run WriteHtmlCache Behavior [ RunTime:0.001074s ]
INFO: Run ShowRuntime Behavior [ RunTime:0.001366s ]
INFO: [ view_filter ] --END-- [ RunTime:0.005192s ]
INFO: [ view_end ] --START--
INFO: Run ShowPageTrace Behavior [ RunTime:0.002170s ]
INFO: [ view_end ] --END-- [ RunTime:0.002277s ]

[ 2013-03-03T16:41:43+08:00 ] 127.0.0.1 /yuejian/
INFO: [ app_begin ] --START--
INFO: Run ReadHtmlCache Behavior [ RunTime:0.001098s ]
INFO: [ app_begin ] --END-- [ RunTime:0.001209s ]
INFO: [ view_template ] --START--
INFO: Run LocationTemplate Behavior [ RunTime:0.002298s ]
INFO: [ view_template ] --END-- [ RunTime:0.002430s ]
INFO: [ view_parse ] --START--
NOTIC: [2] file_get_contents(../pages/headlogo.html): failed to open stream: No such file or directory E:\xampp\htdocs\yuejian\ThinkPHP\Lib\Template\ThinkTemplate.class.php 第 686 行.
NOTIC: [2] include(logindiv.php): failed to open stream: No such file or directory E:\xampp\htdocs\yuejian\Home\Runtime\Cache\7e4848229090366086cc7eeb3bfc0798.php 第 92 行.
NOTIC: [2] include(): Failed opening 'logindiv.php' for inclusion (include_path='.;E:\xampp\php\PEAR;E:\xampp\htdocs\yuejian\ThinkPHP/Extend/Vendor/') E:\xampp\htdocs\yuejian\Home\Runtime\Cache\7e4848229090366086cc7eeb3bfc0798.php 第 92 行.
NOTIC: [2] include(registerdiv.php): failed to open stream: No such file or directory E:\xampp\htdocs\yuejian\Home\Runtime\Cache\7e4848229090366086cc7eeb3bfc0798.php 第 93 行.
NOTIC: [2] include(): Failed opening 'registerdiv.php' for inclusion (include_path='.;E:\xampp\php\PEAR;E:\xampp\htdocs\yuejian\ThinkPHP/Extend/Vendor/') E:\xampp\htdocs\yuejian\Home\Runtime\Cache\7e4848229090366086cc7eeb3bfc0798.php 第 93 行.
NOTIC: [2] include(leaddiv.php): failed to open stream: No such file or directory E:\xampp\htdocs\yuejian\Home\Runtime\Cache\7e4848229090366086cc7eeb3bfc0798.php 第 94 行.
NOTIC: [2] include(): Failed opening 'leaddiv.php' for inclusion (include_path='.;E:\xampp\php\PEAR;E:\xampp\htdocs\yuejian\ThinkPHP/Extend/Vendor/') E:\xampp\htdocs\yuejian\Home\Runtime\Cache\7e4848229090366086cc7eeb3bfc0798.php 第 94 行.
NOTIC: [2] include(baptrade.php): failed to open stream: No such file or directory E:\xampp\htdocs\yuejian\Home\Runtime\Cache\7e4848229090366086cc7eeb3bfc0798.php 第 95 行.
NOTIC: [2] include(): Failed opening 'baptrade.php' for inclusion (include_path='.;E:\xampp\php\PEAR;E:\xampp\htdocs\yuejian\ThinkPHP/Extend/Vendor/') E:\xampp\htdocs\yuejian\Home\Runtime\Cache\7e4848229090366086cc7eeb3bfc0798.php 第 95 行.
INFO: Run ParseTemplate Behavior [ RunTime:0.018200s ]
INFO: [ view_parse ] --END-- [ RunTime:0.018277s ]
INFO: [ view_filter ] --START--
INFO: Run ContentReplace Behavior [ RunTime:0.000913s ]
INFO: Run TokenBuild Behavior [ RunTime:0.001468s ]
INFO: Run WriteHtmlCache Behavior [ RunTime:0.001619s ]
INFO: Run ShowRuntime Behavior [ RunTime:0.001832s ]
INFO: [ view_filter ] --END-- [ RunTime:0.006120s ]
INFO: [ view_end ] --START--
INFO: Run ShowPageTrace Behavior [ RunTime:0.001387s ]
INFO: [ view_end ] --END-- [ RunTime:0.001463s ]

[ 2013-03-03T16:45:19+08:00 ] 127.0.0.1 /yuejian/
INFO: [ app_begin ] --START--
INFO: Run ReadHtmlCache Behavior [ RunTime:0.001338s ]
INFO: [ app_begin ] --END-- [ RunTime:0.001449s ]
INFO: [ view_template ] --START--
INFO: Run LocationTemplate Behavior [ RunTime:0.001735s ]
INFO: [ view_template ] --END-- [ RunTime:0.001854s ]
INFO: [ view_parse ] --START--
NOTIC: [2] file_get_contents(../pages/headlogo.html): failed to open stream: No such file or directory E:\xampp\htdocs\yuejian\ThinkPHP\Lib\Template\ThinkTemplate.class.php 第 686 行.
NOTIC: [2] include(logindiv.php): failed to open stream: No such file or directory E:\xampp\htdocs\yuejian\Home\Runtime\Cache\7e4848229090366086cc7eeb3bfc0798.php 第 92 行.
NOTIC: [2] include(): Failed opening 'logindiv.php' for inclusion (include_path='.;E:\xampp\php\PEAR;E:\xampp\htdocs\yuejian\ThinkPHP/Extend/Vendor/') E:\xampp\htdocs\yuejian\Home\Runtime\Cache\7e4848229090366086cc7eeb3bfc0798.php 第 92 行.
NOTIC: [2] include(registerdiv.php): failed to open stream: No such file or directory E:\xampp\htdocs\yuejian\Home\Runtime\Cache\7e4848229090366086cc7eeb3bfc0798.php 第 93 行.
NOTIC: [2] include(): Failed opening 'registerdiv.php' for inclusion (include_path='.;E:\xampp\php\PEAR;E:\xampp\htdocs\yuejian\ThinkPHP/Extend/Vendor/') E:\xampp\htdocs\yuejian\Home\Runtime\Cache\7e4848229090366086cc7eeb3bfc0798.php 第 93 行.
NOTIC: [2] include(leaddiv.php): failed to open stream: No such file or directory E:\xampp\htdocs\yuejian\Home\Runtime\Cache\7e4848229090366086cc7eeb3bfc0798.php 第 94 行.
NOTIC: [2] include(): Failed opening 'leaddiv.php' for inclusion (include_path='.;E:\xampp\php\PEAR;E:\xampp\htdocs\yuejian\ThinkPHP/Extend/Vendor/') E:\xampp\htdocs\yuejian\Home\Runtime\Cache\7e4848229090366086cc7eeb3bfc0798.php 第 94 行.
NOTIC: [2] include(baptrade.php): failed to open stream: No such file or directory E:\xampp\htdocs\yuejian\Home\Runtime\Cache\7e4848229090366086cc7eeb3bfc0798.php 第 95 行.
NOTIC: [2] include(): Failed opening 'baptrade.php' for inclusion (include_path='.;E:\xampp\php\PEAR;E:\xampp\htdocs\yuejian\ThinkPHP/Extend/Vendor/') E:\xampp\htdocs\yuejian\Home\Runtime\Cache\7e4848229090366086cc7eeb3bfc0798.php 第 95 行.
INFO: Run ParseTemplate Behavior [ RunTime:0.021785s ]
INFO: [ view_parse ] --END-- [ RunTime:0.021867s ]
INFO: [ view_filter ] --START--
INFO: Run ContentReplace Behavior [ RunTime:0.001124s ]
INFO: Run TokenBuild Behavior [ RunTime:0.001166s ]
INFO: Run WriteHtmlCache Behavior [ RunTime:0.001104s ]
INFO: Run ShowRuntime Behavior [ RunTime:0.001387s ]
INFO: [ view_filter ] --END-- [ RunTime:0.005050s ]
INFO: [ view_end ] --START--
INFO: Run ShowPageTrace Behavior [ RunTime:0.001562s ]
INFO: [ view_end ] --END-- [ RunTime:0.001656s ]

[ 2013-03-03T16:47:54+08:00 ] 127.0.0.1 /yuejian/
INFO: [ app_begin ] --START--
INFO: Run ReadHtmlCache Behavior [ RunTime:0.001403s ]
INFO: [ app_begin ] --END-- [ RunTime:0.001515s ]
INFO: [ view_template ] --START--
INFO: Run LocationTemplate Behavior [ RunTime:0.001536s ]
INFO: [ view_template ] --END-- [ RunTime:0.001635s ]
INFO: [ view_parse ] --START--
NOTIC: [8] A session had already been started - ignoring session_start() E:\xampp\htdocs\yuejian\Home\Runtime\Cache\7e4848229090366086cc7eeb3bfc0798.php 第 91 行.
NOTIC: [8] Undefined index: user E:\xampp\htdocs\yuejian\Home\Runtime\Cache\7e4848229090366086cc7eeb3bfc0798.php 第 91 行.
NOTIC: [2] include(logindiv.php): failed to open stream: No such file or directory E:\xampp\htdocs\yuejian\Home\Runtime\Cache\7e4848229090366086cc7eeb3bfc0798.php 第 202 行.
NOTIC: [2] include(): Failed opening 'logindiv.php' for inclusion (include_path='.;E:\xampp\php\PEAR;E:\xampp\htdocs\yuejian\ThinkPHP/Extend/Vendor/') E:\xampp\htdocs\yuejian\Home\Runtime\Cache\7e4848229090366086cc7eeb3bfc0798.php 第 202 行.
NOTIC: [2] include(registerdiv.php): failed to open stream: No such file or directory E:\xampp\htdocs\yuejian\Home\Runtime\Cache\7e4848229090366086cc7eeb3bfc0798.php 第 203 行.
NOTIC: [2] include(): Failed opening 'registerdiv.php' for inclusion (include_path='.;E:\xampp\php\PEAR;E:\xampp\htdocs\yuejian\ThinkPHP/Extend/Vendor/') E:\xampp\htdocs\yuejian\Home\Runtime\Cache\7e4848229090366086cc7eeb3bfc0798.php 第 203 行.
NOTIC: [2] include(leaddiv.php): failed to open stream: No such file or directory E:\xampp\htdocs\yuejian\Home\Runtime\Cache\7e4848229090366086cc7eeb3bfc0798.php 第 204 行.
NOTIC: [2] include(): Failed opening 'leaddiv.php' for inclusion (include_path='.;E:\xampp\php\PEAR;E:\xampp\htdocs\yuejian\ThinkPHP/Extend/Vendor/') E:\xampp\htdocs\yuejian\Home\Runtime\Cache\7e4848229090366086cc7eeb3bfc0798.php 第 204 行.
NOTIC: [2] include(baptrade.php): failed to open stream: No such file or directory E:\xampp\htdocs\yuejian\Home\Runtime\Cache\7e4848229090366086cc7eeb3bfc0798.php 第 205 行.
NOTIC: [2] include(): Failed opening 'baptrade.php' for inclusion (include_path='.;E:\xampp\php\PEAR;E:\xampp\htdocs\yuejian\ThinkPHP/Extend/Vendor/') E:\xampp\htdocs\yuejian\Home\Runtime\Cache\7e4848229090366086cc7eeb3bfc0798.php 第 205 行.
INFO: Run ParseTemplate Behavior [ RunTime:0.069710s ]
INFO: [ view_parse ] --END-- [ RunTime:0.069811s ]
INFO: [ view_filter ] --START--
INFO: Run ContentReplace Behavior [ RunTime:0.002066s ]
INFO: Run TokenBuild Behavior [ RunTime:0.001818s ]
INFO: Run WriteHtmlCache Behavior [ RunTime:0.003897s ]
INFO: Run ShowRuntime Behavior [ RunTime:0.002051s ]
INFO: [ view_filter ] --END-- [ RunTime:0.010226s ]
INFO: [ view_end ] --START--
INFO: Run ShowPageTrace Behavior [ RunTime:0.001743s ]
INFO: [ view_end ] --END-- [ RunTime:0.001841s ]

[ 2013-03-03T16:48:27+08:00 ] 127.0.0.1 /yuejian/index.php?type=3385FF
INFO: [ app_begin ] --START--
INFO: Run ReadHtmlCache Behavior [ RunTime:0.001093s ]
INFO: [ app_begin ] --END-- [ RunTime:0.001208s ]
INFO: [ view_template ] --START--
INFO: Run LocationTemplate Behavior [ RunTime:0.001358s ]
INFO: [ view_template ] --END-- [ RunTime:0.001456s ]
INFO: [ view_parse ] --START--
NOTIC: [8] A session had already been started - ignoring session_start() E:\xampp\htdocs\yuejian\Home\Runtime\Cache\7e4848229090366086cc7eeb3bfc0798.php 第 91 行.
NOTIC: [8] Undefined index: user E:\xampp\htdocs\yuejian\Home\Runtime\Cache\7e4848229090366086cc7eeb3bfc0798.php 第 91 行.
NOTIC: [2] include(logindiv.php): failed to open stream: No such file or directory E:\xampp\htdocs\yuejian\Home\Runtime\Cache\7e4848229090366086cc7eeb3bfc0798.php 第 202 行.
NOTIC: [2] include(): Failed opening 'logindiv.php' for inclusion (include_path='.;E:\xampp\php\PEAR;E:\xampp\htdocs\yuejian\ThinkPHP/Extend/Vendor/') E:\xampp\htdocs\yuejian\Home\Runtime\Cache\7e4848229090366086cc7eeb3bfc0798.php 第 202 行.
NOTIC: [2] include(registerdiv.php): failed to open stream: No such file or directory E:\xampp\htdocs\yuejian\Home\Runtime\Cache\7e4848229090366086cc7eeb3bfc0798.php 第 203 行.
NOTIC: [2] include(): Failed opening 'registerdiv.php' for inclusion (include_path='.;E:\xampp\php\PEAR;E:\xampp\htdocs\yuejian\ThinkPHP/Extend/Vendor/') E:\xampp\htdocs\yuejian\Home\Runtime\Cache\7e4848229090366086cc7eeb3bfc0798.php 第 203 行.
NOTIC: [2] include(leaddiv.php): failed to open stream: No such file or directory E:\xampp\htdocs\yuejian\Home\Runtime\Cache\7e4848229090366086cc7eeb3bfc0798.php 第 204 行.
NOTIC: [2] include(): Failed opening 'leaddiv.php' for inclusion (include_path='.;E:\xampp\php\PEAR;E:\xampp\htdocs\yuejian\ThinkPHP/Extend/Vendor/') E:\xampp\htdocs\yuejian\Home\Runtime\Cache\7e4848229090366086cc7eeb3bfc0798.php 第 204 行.
NOTIC: [2] include(baptrade.php): failed to open stream: No such file or directory E:\xampp\htdocs\yuejian\Home\Runtime\Cache\7e4848229090366086cc7eeb3bfc0798.php 第 205 行.
NOTIC: [2] include(): Failed opening 'baptrade.php' for inclusion (include_path='.;E:\xampp\php\PEAR;E:\xampp\htdocs\yuejian\ThinkPHP/Extend/Vendor/') E:\xampp\htdocs\yuejian\Home\Runtime\Cache\7e4848229090366086cc7eeb3bfc0798.php 第 205 行.
INFO: Run ParseTemplate Behavior [ RunTime:0.020249s ]
INFO: [ view_parse ] --END-- [ RunTime:0.020324s ]
INFO: [ view_filter ] --START--
INFO: Run ContentReplace Behavior [ RunTime:0.000956s ]
INFO: Run TokenBuild Behavior [ RunTime:0.001087s ]
INFO: Run WriteHtmlCache Behavior [ RunTime:0.001257s ]
INFO: Run ShowRuntime Behavior [ RunTime:0.001324s ]
INFO: [ view_filter ] --END-- [ RunTime:0.004971s ]
INFO: [ view_end ] --START--
INFO: Run ShowPageTrace Behavior [ RunTime:0.001683s ]
INFO: [ view_end ] --END-- [ RunTime:0.001769s ]

[ 2013-03-03T16:51:28+08:00 ] 127.0.0.1 /yuejian/
INFO: [ app_begin ] --START--
INFO: Run ReadHtmlCache Behavior [ RunTime:0.001623s ]
INFO: [ app_begin ] --END-- [ RunTime:0.001772s ]
INFO: [ view_template ] --START--
INFO: Run LocationTemplate Behavior [ RunTime:0.002976s ]
INFO: [ view_template ] --END-- [ RunTime:0.003085s ]
INFO: [ view_parse ] --START--
NOTIC: [8] A session had already been started - ignoring session_start() E:\xampp\htdocs\yuejian\Home\Runtime\Cache\7e4848229090366086cc7eeb3bfc0798.php 第 91 行.
NOTIC: [8] Undefined index: user E:\xampp\htdocs\yuejian\Home\Runtime\Cache\7e4848229090366086cc7eeb3bfc0798.php 第 91 行.
NOTIC: [2] include(logindiv.php): failed to open stream: No such file or directory E:\xampp\htdocs\yuejian\Home\Runtime\Cache\7e4848229090366086cc7eeb3bfc0798.php 第 202 行.
NOTIC: [2] include(): Failed opening 'logindiv.php' for inclusion (include_path='.;E:\xampp\php\PEAR;E:\xampp\htdocs\yuejian\ThinkPHP/Extend/Vendor/') E:\xampp\htdocs\yuejian\Home\Runtime\Cache\7e4848229090366086cc7eeb3bfc0798.php 第 202 行.
NOTIC: [2] include(registerdiv.php): failed to open stream: No such file or directory E:\xampp\htdocs\yuejian\Home\Runtime\Cache\7e4848229090366086cc7eeb3bfc0798.php 第 203 行.
NOTIC: [2] include(): Failed opening 'registerdiv.php' for inclusion (include_path='.;E:\xampp\php\PEAR;E:\xampp\htdocs\yuejian\ThinkPHP/Extend/Vendor/') E:\xampp\htdocs\yuejian\Home\Runtime\Cache\7e4848229090366086cc7eeb3bfc0798.php 第 203 行.
NOTIC: [2] include(leaddiv.php): failed to open stream: No such file or directory E:\xampp\htdocs\yuejian\Home\Runtime\Cache\7e4848229090366086cc7eeb3bfc0798.php 第 204 行.
NOTIC: [2] include(): Failed opening 'leaddiv.php' for inclusion (include_path='.;E:\xampp\php\PEAR;E:\xampp\htdocs\yuejian\ThinkPHP/Extend/Vendor/') E:\xampp\htdocs\yuejian\Home\Runtime\Cache\7e4848229090366086cc7eeb3bfc0798.php 第 204 行.
NOTIC: [2] include(baptrade.php): failed to open stream: No such file or directory E:\xampp\htdocs\yuejian\Home\Runtime\Cache\7e4848229090366086cc7eeb3bfc0798.php 第 205 行.
NOTIC: [2] include(): Failed opening 'baptrade.php' for inclusion (include_path='.;E:\xampp\php\PEAR;E:\xampp\htdocs\yuejian\ThinkPHP/Extend/Vendor/') E:\xampp\htdocs\yuejian\Home\Runtime\Cache\7e4848229090366086cc7eeb3bfc0798.php 第 205 行.
INFO: Run ParseTemplate Behavior [ RunTime:0.026206s ]
INFO: [ view_parse ] --END-- [ RunTime:0.026280s ]
INFO: [ view_filter ] --START--
INFO: Run ContentReplace Behavior [ RunTime:0.001329s ]
INFO: Run TokenBuild Behavior [ RunTime:0.001208s ]
INFO: Run WriteHtmlCache Behavior [ RunTime:0.000900s ]
INFO: Run ShowRuntime Behavior [ RunTime:0.001084s ]
INFO: [ view_filter ] --END-- [ RunTime:0.004794s ]
INFO: [ view_end ] --START--
INFO: Run ShowPageTrace Behavior [ RunTime:0.001322s ]
INFO: [ view_end ] --END-- [ RunTime:0.001406s ]

[ 2013-03-03T16:53:29+08:00 ] 127.0.0.1 /yuejian/
INFO: [ app_begin ] --START--
INFO: Run ReadHtmlCache Behavior [ RunTime:0.001421s ]
INFO: [ app_begin ] --END-- [ RunTime:0.001541s ]
INFO: [ view_template ] --START--
INFO: Run LocationTemplate Behavior [ RunTime:0.001551s ]
INFO: [ view_template ] --END-- [ RunTime:0.001659s ]
INFO: [ view_parse ] --START--
NOTIC: [8] A session had already been started - ignoring session_start() E:\xampp\htdocs\yuejian\Home\Runtime\Cache\7e4848229090366086cc7eeb3bfc0798.php 第 91 行.
NOTIC: [8] Undefined index: user E:\xampp\htdocs\yuejian\Home\Runtime\Cache\7e4848229090366086cc7eeb3bfc0798.php 第 91 行.
NOTIC: [2] include(logindiv.php): failed to open stream: No such file or directory E:\xampp\htdocs\yuejian\Home\Runtime\Cache\7e4848229090366086cc7eeb3bfc0798.php 第 238 行.
NOTIC: [2] include(): Failed opening 'logindiv.php' for inclusion (include_path='.;E:\xampp\php\PEAR;E:\xampp\htdocs\yuejian\ThinkPHP/Extend/Vendor/') E:\xampp\htdocs\yuejian\Home\Runtime\Cache\7e4848229090366086cc7eeb3bfc0798.php 第 238 行.
NOTIC: [2] include(registerdiv.php): failed to open stream: No such file or directory E:\xampp\htdocs\yuejian\Home\Runtime\Cache\7e4848229090366086cc7eeb3bfc0798.php 第 239 行.
NOTIC: [2] include(): Failed opening 'registerdiv.php' for inclusion (include_path='.;E:\xampp\php\PEAR;E:\xampp\htdocs\yuejian\ThinkPHP/Extend/Vendor/') E:\xampp\htdocs\yuejian\Home\Runtime\Cache\7e4848229090366086cc7eeb3bfc0798.php 第 239 行.
NOTIC: [2] include(leaddiv.php): failed to open stream: No such file or directory E:\xampp\htdocs\yuejian\Home\Runtime\Cache\7e4848229090366086cc7eeb3bfc0798.php 第 240 行.
NOTIC: [2] include(): Failed opening 'leaddiv.php' for inclusion (include_path='.;E:\xampp\php\PEAR;E:\xampp\htdocs\yuejian\ThinkPHP/Extend/Vendor/') E:\xampp\htdocs\yuejian\Home\Runtime\Cache\7e4848229090366086cc7eeb3bfc0798.php 第 240 行.
NOTIC: [2] include(baptrade.php): failed to open stream: No such file or directory E:\xampp\htdocs\yuejian\Home\Runtime\Cache\7e4848229090366086cc7eeb3bfc0798.php 第 241 行.
NOTIC: [2] include(): Failed opening 'baptrade.php' for inclusion (include_path='.;E:\xampp\php\PEAR;E:\xampp\htdocs\yuejian\ThinkPHP/Extend/Vendor/') E:\xampp\htdocs\yuejian\Home\Runtime\Cache\7e4848229090366086cc7eeb3bfc0798.php 第 241 行.
INFO: Run ParseTemplate Behavior [ RunTime:0.021620s ]
INFO: [ view_parse ] --END-- [ RunTime:0.021697s ]
INFO: [ view_filter ] --START--
INFO: Run ContentReplace Behavior [ RunTime:0.001197s ]
INFO: Run TokenBuild Behavior [ RunTime:0.001013s ]
INFO: Run WriteHtmlCache Behavior [ RunTime:0.000870s ]
INFO: Run ShowRuntime Behavior [ RunTime:0.001112s ]
INFO: [ view_filter ] --END-- [ RunTime:0.004445s ]
INFO: [ view_end ] --START--
INFO: Run ShowPageTrace Behavior [ RunTime:0.001367s ]
INFO: [ view_end ] --END-- [ RunTime:0.001448s ]

[ 2013-03-03T17:01:14+08:00 ] 127.0.0.1 /yuejian/
INFO: [ app_begin ] --START--
INFO: Run ReadHtmlCache Behavior [ RunTime:0.001406s ]
INFO: [ app_begin ] --END-- [ RunTime:0.001513s ]
INFO: [ view_template ] --START--
INFO: Run LocationTemplate Behavior [ RunTime:0.002265s ]
INFO: [ view_template ] --END-- [ RunTime:0.002374s ]
INFO: [ view_parse ] --START--
NOTIC: [8] A session had already been started - ignoring session_start() E:\xampp\htdocs\yuejian\Home\Runtime\Cache\7e4848229090366086cc7eeb3bfc0798.php 第 91 行.
NOTIC: [8] Undefined index: user E:\xampp\htdocs\yuejian\Home\Runtime\Cache\7e4848229090366086cc7eeb3bfc0798.php 第 91 行.
NOTIC: [2] include(logindiv.php): failed to open stream: No such file or directory E:\xampp\htdocs\yuejian\Home\Runtime\Cache\7e4848229090366086cc7eeb3bfc0798.php 第 238 行.
NOTIC: [2] include(): Failed opening 'logindiv.php' for inclusion (include_path='.;E:\xampp\php\PEAR;E:\xampp\htdocs\yuejian\ThinkPHP/Extend/Vendor/') E:\xampp\htdocs\yuejian\Home\Runtime\Cache\7e4848229090366086cc7eeb3bfc0798.php 第 238 行.
NOTIC: [2] include(registerdiv.php): failed to open stream: No such file or directory E:\xampp\htdocs\yuejian\Home\Runtime\Cache\7e4848229090366086cc7eeb3bfc0798.php 第 239 行.
NOTIC: [2] include(): Failed opening 'registerdiv.php' for inclusion (include_path='.;E:\xampp\php\PEAR;E:\xampp\htdocs\yuejian\ThinkPHP/Extend/Vendor/') E:\xampp\htdocs\yuejian\Home\Runtime\Cache\7e4848229090366086cc7eeb3bfc0798.php 第 239 行.
NOTIC: [2] include(leaddiv.php): failed to open stream: No such file or directory E:\xampp\htdocs\yuejian\Home\Runtime\Cache\7e4848229090366086cc7eeb3bfc0798.php 第 240 行.
NOTIC: [2] include(): Failed opening 'leaddiv.php' for inclusion (include_path='.;E:\xampp\php\PEAR;E:\xampp\htdocs\yuejian\ThinkPHP/Extend/Vendor/') E:\xampp\htdocs\yuejian\Home\Runtime\Cache\7e4848229090366086cc7eeb3bfc0798.php 第 240 行.
NOTIC: [2] include(baptrade.php): failed to open stream: No such file or directory E:\xampp\htdocs\yuejian\Home\Runtime\Cache\7e4848229090366086cc7eeb3bfc0798.php 第 241 行.
NOTIC: [2] include(): Failed opening 'baptrade.php' for inclusion (include_path='.;E:\xampp\php\PEAR;E:\xampp\htdocs\yuejian\ThinkPHP/Extend/Vendor/') E:\xampp\htdocs\yuejian\Home\Runtime\Cache\7e4848229090366086cc7eeb3bfc0798.php 第 241 行.
INFO: Run ParseTemplate Behavior [ RunTime:0.026477s ]
INFO: [ view_parse ] --END-- [ RunTime:0.026552s ]
INFO: [ view_filter ] --START--
INFO: Run ContentReplace Behavior [ RunTime:0.001407s ]
INFO: Run TokenBuild Behavior [ RunTime:0.001051s ]
INFO: Run WriteHtmlCache Behavior [ RunTime:0.000901s ]
INFO: Run ShowRuntime Behavior [ RunTime:0.001154s ]
INFO: [ view_filter ] --END-- [ RunTime:0.004758s ]
INFO: [ view_end ] --START--
INFO: Run ShowPageTrace Behavior [ RunTime:0.001434s ]
INFO: [ view_end ] --END-- [ RunTime:0.001513s ]

[ 2013-03-03T23:57:02+08:00 ] 127.0.0.1 /yuejian/
INFO: [ app_begin ] --START--
INFO: Run ReadHtmlCache Behavior [ RunTime:0.001418s ]
INFO: [ app_begin ] --END-- [ RunTime:0.001566s ]
INFO: [ view_template ] --START--
INFO: Run LocationTemplate Behavior [ RunTime:0.001531s ]
INFO: [ view_template ] --END-- [ RunTime:0.001626s ]
INFO: [ view_parse ] --START--
NOTIC: [8] A session had already been started - ignoring session_start() E:\xampp\htdocs\yuejian\Home\Runtime\Cache\7e4848229090366086cc7eeb3bfc0798.php 第 35 行.
INFO: Run ParseTemplate Behavior [ RunTime:0.064916s ]
INFO: [ view_parse ] --END-- [ RunTime:0.064991s ]
INFO: [ view_filter ] --START--
INFO: Run ContentReplace Behavior [ RunTime:0.001323s ]
INFO: Run TokenBuild Behavior [ RunTime:0.001106s ]
INFO: Run WriteHtmlCache Behavior [ RunTime:0.000927s ]
INFO: Run ShowRuntime Behavior [ RunTime:0.001171s ]
INFO: [ view_filter ] --END-- [ RunTime:0.004781s ]
INFO: [ view_end ] --START--
INFO: Run ShowPageTrace Behavior [ RunTime:0.001342s ]
INFO: [ view_end ] --END-- [ RunTime:0.001427s ]

