[ 2013-03-11T10:24:45+08:00 ] 127.0.0.1 /yuejian/
INFO: [ app_begin ] --START--
INFO: Run ReadHtmlCache Behavior [ RunTime:0.001715s ]
INFO: [ app_begin ] --END-- [ RunTime:0.001864s ]
INFO: [ view_template ] --START--
INFO: Run LocationTemplate Behavior [ RunTime:0.001749s ]
INFO: [ view_template ] --END-- [ RunTime:0.001860s ]
INFO: [ view_parse ] --START--
INFO: Run ParseTemplate Behavior [ RunTime:0.021327s ]
INFO: [ view_parse ] --END-- [ RunTime:0.021419s ]
INFO: [ view_filter ] --START--
INFO: Run ContentReplace Behavior [ RunTime:0.001241s ]
INFO: Run TokenBuild Behavior [ RunTime:0.000973s ]
INFO: Run WriteHtmlCache Behavior [ RunTime:0.001258s ]
INFO: Run ShowRuntime Behavior [ RunTime:0.001080s ]
INFO: [ view_filter ] --END-- [ RunTime:0.004783s ]
INFO: [ view_end ] --START--
INFO: Run ShowPageTrace Behavior [ RunTime:0.001613s ]
INFO: [ view_end ] --END-- [ RunTime:0.001705s ]

[ 2013-03-11T12:21:39+08:00 ] 127.0.0.1 /yuejian/
INFO: [ app_begin ] --START--
INFO: Run ReadHtmlCache Behavior [ RunTime:0.001255s ]
INFO: [ app_begin ] --END-- [ RunTime:0.001390s ]
INFO: [ view_template ] --START--
INFO: Run LocationTemplate Behavior [ RunTime:0.001577s ]
INFO: [ view_template ] --END-- [ RunTime:0.001690s ]
INFO: [ view_parse ] --START--
INFO: Run ParseTemplate Behavior [ RunTime:0.020455s ]
INFO: [ view_parse ] --END-- [ RunTime:0.020550s ]
INFO: [ view_filter ] --START--
INFO: Run ContentReplace Behavior [ RunTime:0.001210s ]
INFO: Run TokenBuild Behavior [ RunTime:0.000964s ]
INFO: Run WriteHtmlCache Behavior [ RunTime:0.000926s ]
INFO: Run ShowRuntime Behavior [ RunTime:0.001172s ]
INFO: [ view_filter ] --END-- [ RunTime:0.004510s ]
INFO: [ view_end ] --START--
INFO: Run ShowPageTrace Behavior [ RunTime:0.001578s ]
INFO: [ view_end ] --END-- [ RunTime:0.001672s ]

[ 2013-03-11T12:22:20+08:00 ] 127.0.0.1 /yuejian/index.php
INFO: [ app_begin ] --START--
INFO: Run ReadHtmlCache Behavior [ RunTime:0.000929s ]
INFO: [ app_begin ] --END-- [ RunTime:0.001027s ]
INFO: [ view_template ] --START--
INFO: Run LocationTemplate Behavior [ RunTime:0.002030s ]
INFO: [ view_template ] --END-- [ RunTime:0.002145s ]
INFO: [ view_parse ] --START--
INFO: Run ParseTemplate Behavior [ RunTime:0.021307s ]
INFO: [ view_parse ] --END-- [ RunTime:0.021408s ]
INFO: [ view_filter ] --START--
INFO: Run ContentReplace Behavior [ RunTime:0.001432s ]
INFO: Run TokenBuild Behavior [ RunTime:0.001124s ]
INFO: Run WriteHtmlCache Behavior [ RunTime:0.000805s ]
INFO: Run ShowRuntime Behavior [ RunTime:0.001015s ]
INFO: [ view_filter ] --END-- [ RunTime:0.004620s ]
INFO: [ view_end ] --START--
INFO: Run ShowPageTrace Behavior [ RunTime:0.001603s ]
INFO: [ view_end ] --END-- [ RunTime:0.001695s ]

[ 2013-03-11T12:22:32+08:00 ] 127.0.0.1 /yuejian/index.php
INFO: [ app_begin ] --START--
INFO: Run ReadHtmlCache Behavior [ RunTime:0.000818s ]
INFO: [ app_begin ] --END-- [ RunTime:0.000916s ]
INFO: [ view_template ] --START--
INFO: Run LocationTemplate Behavior [ RunTime:0.001396s ]
INFO: [ view_template ] --END-- [ RunTime:0.001497s ]
INFO: [ view_parse ] --START--
INFO: Run ParseTemplate Behavior [ RunTime:0.018917s ]
INFO: [ view_parse ] --END-- [ RunTime:0.019008s ]
INFO: [ view_filter ] --START--
INFO: Run ContentReplace Behavior [ RunTime:0.001113s ]
INFO: Run TokenBuild Behavior [ RunTime:0.000827s ]
INFO: Run WriteHtmlCache Behavior [ RunTime:0.000667s ]
INFO: Run ShowRuntime Behavior [ RunTime:0.000893s ]
INFO: [ view_filter ] --END-- [ RunTime:0.003719s ]
INFO: [ view_end ] --START--
INFO: Run ShowPageTrace Behavior [ RunTime:0.001454s ]
INFO: [ view_end ] --END-- [ RunTime:0.001545s ]

[ 2013-03-11T12:22:44+08:00 ] 127.0.0.1 /yuejian/index.php
INFO: [ app_begin ] --START--
INFO: Run ReadHtmlCache Behavior [ RunTime:0.000825s ]
INFO: [ app_begin ] --END-- [ RunTime:0.000924s ]
INFO: [ view_template ] --START--
INFO: Run LocationTemplate Behavior [ RunTime:0.000693s ]
INFO: [ view_template ] --END-- [ RunTime:0.000785s ]
INFO: [ view_parse ] --START--
INFO: Run ParseTemplate Behavior [ RunTime:0.017331s ]
INFO: [ view_parse ] --END-- [ RunTime:0.017423s ]
INFO: [ view_filter ] --START--
INFO: Run ContentReplace Behavior [ RunTime:0.000946s ]
INFO: Run TokenBuild Behavior [ RunTime:0.000661s ]
INFO: Run WriteHtmlCache Behavior [ RunTime:0.000519s ]
INFO: Run ShowRuntime Behavior [ RunTime:0.000774s ]
INFO: [ view_filter ] --END-- [ RunTime:0.003120s ]
INFO: [ view_end ] --START--
INFO: Run ShowPageTrace Behavior [ RunTime:0.001345s ]
INFO: [ view_end ] --END-- [ RunTime:0.001439s ]

[ 2013-03-11T12:34:48+08:00 ] 127.0.0.1 /yuejian/
INFO: [ app_begin ] --START--
INFO: Run ReadHtmlCache Behavior [ RunTime:0.001207s ]
INFO: [ app_begin ] --END-- [ RunTime:0.001322s ]
INFO: [ view_template ] --START--
INFO: Run LocationTemplate Behavior [ RunTime:0.001982s ]
INFO: [ view_template ] --END-- [ RunTime:0.002101s ]
INFO: [ view_parse ] --START--
INFO: Run ParseTemplate Behavior [ RunTime:0.020625s ]
INFO: [ view_parse ] --END-- [ RunTime:0.020744s ]
INFO: [ view_filter ] --START--
INFO: Run ContentReplace Behavior [ RunTime:0.001144s ]
INFO: Run TokenBuild Behavior [ RunTime:0.000837s ]
INFO: Run WriteHtmlCache Behavior [ RunTime:0.000686s ]
INFO: Run ShowRuntime Behavior [ RunTime:0.000904s ]
INFO: [ view_filter ] --END-- [ RunTime:0.003797s ]
INFO: [ view_end ] --START--
INFO: Run ShowPageTrace Behavior [ RunTime:0.002021s ]
INFO: [ view_end ] --END-- [ RunTime:0.002120s ]

[ 2013-03-11T12:35:04+08:00 ] 127.0.0.1 /yuejian/index.php
INFO: [ app_begin ] --START--
INFO: Run ReadHtmlCache Behavior [ RunTime:0.001904s ]
INFO: [ app_begin ] --END-- [ RunTime:0.002013s ]
INFO: [ view_template ] --START--
INFO: Run LocationTemplate Behavior [ RunTime:0.001611s ]
INFO: [ view_template ] --END-- [ RunTime:0.001728s ]
INFO: [ view_parse ] --START--
INFO: Run ParseTemplate Behavior [ RunTime:0.020600s ]
INFO: [ view_parse ] --END-- [ RunTime:0.020725s ]
INFO: [ view_filter ] --START--
INFO: Run ContentReplace Behavior [ RunTime:0.001119s ]
INFO: Run TokenBuild Behavior [ RunTime:0.000818s ]
INFO: Run WriteHtmlCache Behavior [ RunTime:0.000660s ]
INFO: Run ShowRuntime Behavior [ RunTime:0.000965s ]
INFO: [ view_filter ] --END-- [ RunTime:0.003787s ]
INFO: [ view_end ] --START--
INFO: Run ShowPageTrace Behavior [ RunTime:0.001647s ]
INFO: [ view_end ] --END-- [ RunTime:0.001782s ]

[ 2013-03-11T12:36:37+08:00 ] 127.0.0.1 /yuejian/index.php
INFO: [ app_begin ] --START--
INFO: Run ReadHtmlCache Behavior [ RunTime:0.001411s ]
INFO: [ app_begin ] --END-- [ RunTime:0.001526s ]
INFO: [ view_template ] --START--
INFO: Run LocationTemplate Behavior [ RunTime:0.000917s ]
INFO: [ view_template ] --END-- [ RunTime:0.001019s ]
INFO: [ view_parse ] --START--
INFO: Run ParseTemplate Behavior [ RunTime:0.017716s ]
INFO: [ view_parse ] --END-- [ RunTime:0.017814s ]
INFO: [ view_filter ] --START--
INFO: Run ContentReplace Behavior [ RunTime:0.001025s ]
INFO: Run TokenBuild Behavior [ RunTime:0.000814s ]
INFO: Run WriteHtmlCache Behavior [ RunTime:0.000550s ]
INFO: Run ShowRuntime Behavior [ RunTime:0.000754s ]
INFO: [ view_filter ] --END-- [ RunTime:0.003384s ]
INFO: [ view_end ] --START--
INFO: Run ShowPageTrace Behavior [ RunTime:0.001828s ]
INFO: [ view_end ] --END-- [ RunTime:0.001959s ]

[ 2013-03-11T12:49:02+08:00 ] 127.0.0.1 /yuejian/index.php
INFO: [ app_begin ] --START--
INFO: Run ReadHtmlCache Behavior [ RunTime:0.001144s ]
INFO: [ app_begin ] --END-- [ RunTime:0.001247s ]
INFO: [ view_template ] --START--
INFO: Run LocationTemplate Behavior [ RunTime:0.001248s ]
INFO: [ view_template ] --END-- [ RunTime:0.001339s ]
INFO: [ view_parse ] --START--
INFO: Run ParseTemplate Behavior [ RunTime:0.021158s ]
INFO: [ view_parse ] --END-- [ RunTime:0.021251s ]
INFO: [ view_filter ] --START--
INFO: Run ContentReplace Behavior [ RunTime:0.001229s ]
INFO: Run TokenBuild Behavior [ RunTime:0.001287s ]
INFO: Run WriteHtmlCache Behavior [ RunTime:0.000838s ]
INFO: Run ShowRuntime Behavior [ RunTime:0.000875s ]
INFO: [ view_filter ] --END-- [ RunTime:0.004569s ]
INFO: [ view_end ] --START--
INFO: Run ShowPageTrace Behavior [ RunTime:0.001624s ]
INFO: [ view_end ] --END-- [ RunTime:0.001719s ]

[ 2013-03-11T12:50:17+08:00 ] 127.0.0.1 /yuejian/index.php?m=Index&a=customer&uid=0c210e6a-8670-11e2-a2de-00262217b721
INFO: [ app_begin ] --START--
INFO: Run ReadHtmlCache Behavior [ RunTime:0.001156s ]
INFO: [ app_begin ] --END-- [ RunTime:0.001263s ]
INFO: [ view_template ] --START--
INFO: Run LocationTemplate Behavior [ RunTime:0.001438s ]
INFO: [ view_template ] --END-- [ RunTime:0.001537s ]
INFO: [ view_parse ] --START--
NOTIC: [2] include(../inc/auth.php): failed to open stream: No such file or directory E:\xampp\htdocs\yuejian\Home\Runtime\Cache\02ddb313ac3794f5277cb88b001a3521.php 第 15 行.
NOTIC: [2] include(): Failed opening '../inc/auth.php' for inclusion (include_path='.;E:\xampp\php\PEAR;E:\xampp\htdocs\yuejian\ThinkPHP/Extend/Vendor/') E:\xampp\htdocs\yuejian\Home\Runtime\Cache\02ddb313ac3794f5277cb88b001a3521.php 第 15 行.
INFO: Run ParseTemplate Behavior [ RunTime:0.015465s ]
INFO: [ view_parse ] --END-- [ RunTime:0.015540s ]
INFO: [ view_filter ] --START--
INFO: Run ContentReplace Behavior [ RunTime:0.000982s ]
INFO: Run TokenBuild Behavior [ RunTime:0.000867s ]
INFO: Run WriteHtmlCache Behavior [ RunTime:0.000693s ]
INFO: Run ShowRuntime Behavior [ RunTime:0.001055s ]
INFO: [ view_filter ] --END-- [ RunTime:0.003826s ]
INFO: [ view_end ] --START--
INFO: Run ShowPageTrace Behavior [ RunTime:0.001513s ]
INFO: [ view_end ] --END-- [ RunTime:0.001614s ]

[ 2013-03-11T12:50:28+08:00 ] 127.0.0.1 /yuejian/index.php
INFO: [ app_begin ] --START--
INFO: Run ReadHtmlCache Behavior [ RunTime:0.000809s ]
INFO: [ app_begin ] --END-- [ RunTime:0.000907s ]
INFO: [ view_template ] --START--
INFO: Run LocationTemplate Behavior [ RunTime:0.001441s ]
INFO: [ view_template ] --END-- [ RunTime:0.001548s ]
INFO: [ view_parse ] --START--
INFO: Run ParseTemplate Behavior [ RunTime:0.019407s ]
INFO: [ view_parse ] --END-- [ RunTime:0.019502s ]
INFO: [ view_filter ] --START--
INFO: Run ContentReplace Behavior [ RunTime:0.001115s ]
INFO: Run TokenBuild Behavior [ RunTime:0.000811s ]
INFO: Run WriteHtmlCache Behavior [ RunTime:0.000668s ]
INFO: Run ShowRuntime Behavior [ RunTime:0.001194s ]
INFO: [ view_filter ] --END-- [ RunTime:0.004015s ]
INFO: [ view_end ] --START--
INFO: Run ShowPageTrace Behavior [ RunTime:0.001802s ]
INFO: [ view_end ] --END-- [ RunTime:0.001896s ]

[ 2013-03-11T12:51:57+08:00 ] 127.0.0.1 /yuejian/index.php
INFO: [ app_begin ] --START--
INFO: Run ReadHtmlCache Behavior [ RunTime:0.001171s ]
INFO: [ app_begin ] --END-- [ RunTime:0.001276s ]
INFO: [ view_template ] --START--
INFO: Run LocationTemplate Behavior [ RunTime:0.001257s ]
INFO: [ view_template ] --END-- [ RunTime:0.001350s ]
INFO: [ view_parse ] --START--
INFO: Run ParseTemplate Behavior [ RunTime:0.019236s ]
INFO: [ view_parse ] --END-- [ RunTime:0.019324s ]
INFO: [ view_filter ] --START--
INFO: Run ContentReplace Behavior [ RunTime:0.001223s ]
INFO: Run TokenBuild Behavior [ RunTime:0.000850s ]
INFO: Run WriteHtmlCache Behavior [ RunTime:0.000672s ]
INFO: Run ShowRuntime Behavior [ RunTime:0.001167s ]
INFO: [ view_filter ] --END-- [ RunTime:0.004144s ]
INFO: [ view_end ] --START--
INFO: Run ShowPageTrace Behavior [ RunTime:0.001519s ]
INFO: [ view_end ] --END-- [ RunTime:0.001612s ]

[ 2013-03-11T12:58:46+08:00 ] 127.0.0.1 /yuejian/
INFO: [ app_begin ] --START--
INFO: Run ReadHtmlCache Behavior [ RunTime:0.001330s ]
INFO: [ app_begin ] --END-- [ RunTime:0.001445s ]
INFO: [ view_template ] --START--
INFO: Run LocationTemplate Behavior [ RunTime:0.001322s ]
INFO: [ view_template ] --END-- [ RunTime:0.001501s ]
INFO: [ view_parse ] --START--
INFO: Run ParseTemplate Behavior [ RunTime:0.019227s ]
INFO: [ view_parse ] --END-- [ RunTime:0.019322s ]
INFO: [ view_filter ] --START--
INFO: Run ContentReplace Behavior [ RunTime:0.001157s ]
INFO: Run TokenBuild Behavior [ RunTime:0.000832s ]
INFO: Run WriteHtmlCache Behavior [ RunTime:0.000667s ]
INFO: Run ShowRuntime Behavior [ RunTime:0.000900s ]
INFO: [ view_filter ] --END-- [ RunTime:0.003778s ]
INFO: [ view_end ] --START--
INFO: Run ShowPageTrace Behavior [ RunTime:0.001510s ]
INFO: [ view_end ] --END-- [ RunTime:0.001604s ]

[ 2013-03-11T12:58:53+08:00 ] 127.0.0.1 /yuejian/index.php
INFO: [ app_begin ] --START--
INFO: Run ReadHtmlCache Behavior [ RunTime:0.000824s ]
INFO: [ app_begin ] --END-- [ RunTime:0.000925s ]
INFO: [ view_template ] --START--
INFO: Run LocationTemplate Behavior [ RunTime:0.000676s ]
INFO: [ view_template ] --END-- [ RunTime:0.000764s ]
INFO: [ view_parse ] --START--
INFO: Run ParseTemplate Behavior [ RunTime:0.017405s ]
INFO: [ view_parse ] --END-- [ RunTime:0.017495s ]
INFO: [ view_filter ] --START--
INFO: Run ContentReplace Behavior [ RunTime:0.000946s ]
INFO: Run TokenBuild Behavior [ RunTime:0.000688s ]
INFO: Run WriteHtmlCache Behavior [ RunTime:0.000564s ]
INFO: Run ShowRuntime Behavior [ RunTime:0.000926s ]
INFO: [ view_filter ] --END-- [ RunTime:0.003445s ]
INFO: [ view_end ] --START--
INFO: Run ShowPageTrace Behavior [ RunTime:0.001292s ]
INFO: [ view_end ] --END-- [ RunTime:0.001385s ]

[ 2013-03-11T13:01:45+08:00 ] 127.0.0.1 /yuejian/index.php
INFO: [ app_begin ] --START--
INFO: Run ReadHtmlCache Behavior [ RunTime:0.001127s ]
INFO: [ app_begin ] --END-- [ RunTime:0.001259s ]
INFO: [ view_template ] --START--
INFO: Run LocationTemplate Behavior [ RunTime:0.001585s ]
INFO: [ view_template ] --END-- [ RunTime:0.001699s ]
INFO: [ view_parse ] --START--
INFO: Run ParseTemplate Behavior [ RunTime:0.021714s ]
INFO: [ view_parse ] --END-- [ RunTime:0.021812s ]
INFO: [ view_filter ] --START--
INFO: Run ContentReplace Behavior [ RunTime:0.001210s ]
INFO: Run TokenBuild Behavior [ RunTime:0.000936s ]
INFO: Run WriteHtmlCache Behavior [ RunTime:0.001086s ]
INFO: Run ShowRuntime Behavior [ RunTime:0.001038s ]
INFO: [ view_filter ] --END-- [ RunTime:0.004516s ]
INFO: [ view_end ] --START--
INFO: Run ShowPageTrace Behavior [ RunTime:0.001448s ]
INFO: [ view_end ] --END-- [ RunTime:0.001543s ]

[ 2013-03-11T13:01:56+08:00 ] 127.0.0.1 /yuejian/index.php
INFO: [ app_begin ] --START--
INFO: Run ReadHtmlCache Behavior [ RunTime:0.000811s ]
INFO: [ app_begin ] --END-- [ RunTime:0.000908s ]
INFO: [ view_template ] --START--
INFO: Run LocationTemplate Behavior [ RunTime:0.001234s ]
INFO: [ view_template ] --END-- [ RunTime:0.001328s ]
INFO: [ view_parse ] --START--
INFO: Run ParseTemplate Behavior [ RunTime:0.019127s ]
INFO: [ view_parse ] --END-- [ RunTime:0.019217s ]
INFO: [ view_filter ] --START--
INFO: Run ContentReplace Behavior [ RunTime:0.002668s ]
INFO: Run TokenBuild Behavior [ RunTime:0.000978s ]
INFO: Run WriteHtmlCache Behavior [ RunTime:0.001084s ]
INFO: Run ShowRuntime Behavior [ RunTime:0.001233s ]
INFO: [ view_filter ] --END-- [ RunTime:0.006217s ]
INFO: [ view_end ] --START--
INFO: Run ShowPageTrace Behavior [ RunTime:0.001481s ]
INFO: [ view_end ] --END-- [ RunTime:0.001574s ]

[ 2013-03-11T13:25:21+08:00 ] 127.0.0.1 /yuejian/index.php
INFO: [ app_begin ] --START--
INFO: Run ReadHtmlCache Behavior [ RunTime:0.000801s ]
INFO: [ app_begin ] --END-- [ RunTime:0.000903s ]
INFO: [ view_template ] --START--
INFO: Run LocationTemplate Behavior [ RunTime:0.001278s ]
INFO: [ view_template ] --END-- [ RunTime:0.001420s ]
INFO: [ view_parse ] --START--
INFO: Run ParseTemplate Behavior [ RunTime:0.020323s ]
INFO: [ view_parse ] --END-- [ RunTime:0.020416s ]
INFO: [ view_filter ] --START--
INFO: Run ContentReplace Behavior [ RunTime:0.001115s ]
INFO: Run TokenBuild Behavior [ RunTime:0.000999s ]
INFO: Run WriteHtmlCache Behavior [ RunTime:0.000834s ]
INFO: Run ShowRuntime Behavior [ RunTime:0.001221s ]
INFO: [ view_filter ] --END-- [ RunTime:0.004416s ]
INFO: [ view_end ] --START--
INFO: Run ShowPageTrace Behavior [ RunTime:0.001514s ]
INFO: [ view_end ] --END-- [ RunTime:0.001612s ]

[ 2013-03-11T13:25:43+08:00 ] 127.0.0.1 /yuejian/index.php?type=A2E024
INFO: [ app_begin ] --START--
INFO: Run ReadHtmlCache Behavior [ RunTime:0.001305s ]
INFO: [ app_begin ] --END-- [ RunTime:0.001419s ]
INFO: [ view_template ] --START--
INFO: Run LocationTemplate Behavior [ RunTime:0.001265s ]
INFO: [ view_template ] --END-- [ RunTime:0.001359s ]
INFO: [ view_parse ] --START--
INFO: Run ParseTemplate Behavior [ RunTime:0.019404s ]
INFO: [ view_parse ] --END-- [ RunTime:0.019500s ]
INFO: [ view_filter ] --START--
INFO: Run ContentReplace Behavior [ RunTime:0.001265s ]
INFO: Run TokenBuild Behavior [ RunTime:0.000992s ]
INFO: Run WriteHtmlCache Behavior [ RunTime:0.000749s ]
INFO: Run ShowRuntime Behavior [ RunTime:0.000909s ]
INFO: [ view_filter ] --END-- [ RunTime:0.004144s ]
INFO: [ view_end ] --START--
INFO: Run ShowPageTrace Behavior [ RunTime:0.001513s ]
INFO: [ view_end ] --END-- [ RunTime:0.001603s ]

[ 2013-03-11T13:25:47+08:00 ] 127.0.0.1 /yuejian/index.php
INFO: [ app_begin ] --START--
INFO: Run ReadHtmlCache Behavior [ RunTime:0.000805s ]
INFO: [ app_begin ] --END-- [ RunTime:0.000901s ]
INFO: [ view_template ] --START--
INFO: Run LocationTemplate Behavior [ RunTime:0.000663s ]
INFO: [ view_template ] --END-- [ RunTime:0.000751s ]
INFO: [ view_parse ] --START--
INFO: Run ParseTemplate Behavior [ RunTime:0.017929s ]
INFO: [ view_parse ] --END-- [ RunTime:0.018020s ]
INFO: [ view_filter ] --START--
INFO: Run ContentReplace Behavior [ RunTime:0.000938s ]
INFO: Run TokenBuild Behavior [ RunTime:0.000653s ]
INFO: Run WriteHtmlCache Behavior [ RunTime:0.000575s ]
INFO: Run ShowRuntime Behavior [ RunTime:0.001688s ]
INFO: [ view_filter ] --END-- [ RunTime:0.004097s ]
INFO: [ view_end ] --START--
INFO: Run ShowPageTrace Behavior [ RunTime:0.001416s ]
INFO: [ view_end ] --END-- [ RunTime:0.001506s ]

[ 2013-03-11T13:32:42+08:00 ] 127.0.0.1 /yuejian/index.php
INFO: [ app_begin ] --START--
INFO: Run ReadHtmlCache Behavior [ RunTime:0.001146s ]
INFO: [ app_begin ] --END-- [ RunTime:0.001249s ]
INFO: [ view_template ] --START--
INFO: Run LocationTemplate Behavior [ RunTime:0.001231s ]
INFO: [ view_template ] --END-- [ RunTime:0.001326s ]
INFO: [ view_parse ] --START--
INFO: Run ParseTemplate Behavior [ RunTime:0.019948s ]
INFO: [ view_parse ] --END-- [ RunTime:0.020060s ]
INFO: [ view_filter ] --START--
INFO: Run ContentReplace Behavior [ RunTime:0.001211s ]
INFO: Run TokenBuild Behavior [ RunTime:0.000789s ]
INFO: Run WriteHtmlCache Behavior [ RunTime:0.001062s ]
INFO: Run ShowRuntime Behavior [ RunTime:0.000912s ]
INFO: [ view_filter ] --END-- [ RunTime:0.004197s ]
INFO: [ view_end ] --START--
INFO: Run ShowPageTrace Behavior [ RunTime:0.001521s ]
INFO: [ view_end ] --END-- [ RunTime:0.001613s ]

[ 2013-03-11T13:32:49+08:00 ] 127.0.0.1 /yuejian/
INFO: [ app_begin ] --START--
INFO: Run ReadHtmlCache Behavior [ RunTime:0.000811s ]
INFO: [ app_begin ] --END-- [ RunTime:0.000909s ]
INFO: [ view_template ] --START--
INFO: Run LocationTemplate Behavior [ RunTime:0.000671s ]
INFO: [ view_template ] --END-- [ RunTime:0.000760s ]
INFO: [ view_parse ] --START--
INFO: Run ParseTemplate Behavior [ RunTime:0.018641s ]
INFO: [ view_parse ] --END-- [ RunTime:0.018735s ]
INFO: [ view_filter ] --START--
INFO: Run ContentReplace Behavior [ RunTime:0.001063s ]
INFO: Run TokenBuild Behavior [ RunTime:0.000702s ]
INFO: Run WriteHtmlCache Behavior [ RunTime:0.000513s ]
INFO: Run ShowRuntime Behavior [ RunTime:0.000733s ]
INFO: [ view_filter ] --END-- [ RunTime:0.003232s ]
INFO: [ view_end ] --START--
INFO: Run ShowPageTrace Behavior [ RunTime:0.001562s ]
INFO: [ view_end ] --END-- [ RunTime:0.001655s ]

[ 2013-03-11T13:39:13+08:00 ] 127.0.0.1 /yuejian/
INFO: [ app_begin ] --START--
INFO: Run ReadHtmlCache Behavior [ RunTime:0.001175s ]
INFO: [ app_begin ] --END-- [ RunTime:0.001293s ]
INFO: [ view_template ] --START--
INFO: Run LocationTemplate Behavior [ RunTime:0.001294s ]
INFO: [ view_template ] --END-- [ RunTime:0.001445s ]
INFO: [ view_parse ] --START--
INFO: Run ParseTemplate Behavior [ RunTime:0.020117s ]
INFO: [ view_parse ] --END-- [ RunTime:0.020218s ]
INFO: [ view_filter ] --START--
INFO: Run ContentReplace Behavior [ RunTime:0.001246s ]
INFO: Run TokenBuild Behavior [ RunTime:0.000986s ]
INFO: Run WriteHtmlCache Behavior [ RunTime:0.000739s ]
INFO: Run ShowRuntime Behavior [ RunTime:0.000937s ]
INFO: [ view_filter ] --END-- [ RunTime:0.004165s ]
INFO: [ view_end ] --START--
INFO: Run ShowPageTrace Behavior [ RunTime:0.001808s ]
INFO: [ view_end ] --END-- [ RunTime:0.001944s ]

[ 2013-03-11T14:19:45+08:00 ] 127.0.0.1 /yuejian/
INFO: [ app_begin ] --START--
INFO: Run ReadHtmlCache Behavior [ RunTime:0.001167s ]
INFO: [ app_begin ] --END-- [ RunTime:0.001315s ]
INFO: [ view_template ] --START--
INFO: Run LocationTemplate Behavior [ RunTime:0.001825s ]
INFO: [ view_template ] --END-- [ RunTime:0.001962s ]
INFO: [ view_parse ] --START--
INFO: Run ParseTemplate Behavior [ RunTime:0.023876s ]
INFO: [ view_parse ] --END-- [ RunTime:0.023979s ]
INFO: [ view_filter ] --START--
INFO: Run ContentReplace Behavior [ RunTime:0.001316s ]
INFO: Run TokenBuild Behavior [ RunTime:0.000972s ]
INFO: Run WriteHtmlCache Behavior [ RunTime:0.000805s ]
INFO: Run ShowRuntime Behavior [ RunTime:0.001067s ]
INFO: [ view_filter ] --END-- [ RunTime:0.004414s ]
INFO: [ view_end ] --START--
INFO: Run ShowPageTrace Behavior [ RunTime:0.002521s ]
INFO: [ view_end ] --END-- [ RunTime:0.002614s ]

[ 2013-03-11T16:02:43+08:00 ] 127.0.0.1 /yuejian/
INFO: [ app_begin ] --START--
INFO: Run ReadHtmlCache Behavior [ RunTime:0.001323s ]
INFO: [ app_begin ] --END-- [ RunTime:0.001447s ]
INFO: [ view_template ] --START--
INFO: Run LocationTemplate Behavior [ RunTime:0.001740s ]
INFO: [ view_template ] --END-- [ RunTime:0.001851s ]
INFO: [ view_parse ] --START--
INFO: Run ParseTemplate Behavior [ RunTime:0.020991s ]
INFO: [ view_parse ] --END-- [ RunTime:0.021084s ]
INFO: [ view_filter ] --START--
INFO: Run ContentReplace Behavior [ RunTime:0.001114s ]
INFO: Run TokenBuild Behavior [ RunTime:0.000836s ]
INFO: Run WriteHtmlCache Behavior [ RunTime:0.000684s ]
INFO: Run ShowRuntime Behavior [ RunTime:0.001933s ]
INFO: [ view_filter ] --END-- [ RunTime:0.004833s ]
INFO: [ view_end ] --START--
INFO: Run ShowPageTrace Behavior [ RunTime:0.001276s ]
INFO: [ view_end ] --END-- [ RunTime:0.001384s ]

[ 2013-03-11T16:30:35+08:00 ] 127.0.0.1 /yuejian/
INFO: [ app_begin ] --START--
INFO: Run ReadHtmlCache Behavior [ RunTime:0.001181s ]
INFO: [ app_begin ] --END-- [ RunTime:0.001284s ]
INFO: [ view_template ] --START--
INFO: Run LocationTemplate Behavior [ RunTime:0.001956s ]
INFO: [ view_template ] --END-- [ RunTime:0.002062s ]
INFO: [ view_parse ] --START--
INFO: Run ParseTemplate Behavior [ RunTime:0.021269s ]
INFO: [ view_parse ] --END-- [ RunTime:0.021363s ]
INFO: [ view_filter ] --START--
INFO: Run ContentReplace Behavior [ RunTime:0.001128s ]
INFO: Run TokenBuild Behavior [ RunTime:0.000850s ]
INFO: Run WriteHtmlCache Behavior [ RunTime:0.000695s ]
INFO: Run ShowRuntime Behavior [ RunTime:0.000923s ]
INFO: [ view_filter ] --END-- [ RunTime:0.003815s ]
INFO: [ view_end ] --START--
INFO: Run ShowPageTrace Behavior [ RunTime:0.001568s ]
INFO: [ view_end ] --END-- [ RunTime:0.001664s ]

[ 2013-03-11T16:30:49+08:00 ] 127.0.0.1 /yuejian/index.php?m=Index&a=extpage&type=3
INFO: [ app_begin ] --START--
INFO: Run ReadHtmlCache Behavior [ RunTime:0.000840s ]
INFO: [ app_begin ] --END-- [ RunTime:0.000939s ]
INFO: [ view_template ] --START--
INFO: Run LocationTemplate Behavior [ RunTime:0.000907s ]
INFO: [ view_template ] --END-- [ RunTime:0.001007s ]
INFO: [ view_parse ] --START--
INFO: Run ParseTemplate Behavior [ RunTime:0.025828s ]
INFO: [ view_parse ] --END-- [ RunTime:0.025920s ]
INFO: [ view_filter ] --START--
INFO: Run ContentReplace Behavior [ RunTime:0.001237s ]
INFO: Run TokenBuild Behavior [ RunTime:0.000733s ]
INFO: Run WriteHtmlCache Behavior [ RunTime:0.000545s ]
INFO: Run ShowRuntime Behavior [ RunTime:0.000797s ]
INFO: [ view_filter ] --END-- [ RunTime:0.003536s ]
INFO: [ view_end ] --START--
INFO: Run ShowPageTrace Behavior [ RunTime:0.001426s ]
INFO: [ view_end ] --END-- [ RunTime:0.001525s ]

[ 2013-03-11T16:30:50+08:00 ] 127.0.0.1 /yuejian/index.php
INFO: [ app_begin ] --START--
INFO: Run ReadHtmlCache Behavior [ RunTime:0.001328s ]
INFO: [ app_begin ] --END-- [ RunTime:0.001448s ]
INFO: [ view_template ] --START--
INFO: Run LocationTemplate Behavior [ RunTime:0.001493s ]
INFO: [ view_template ] --END-- [ RunTime:0.001605s ]
INFO: [ view_parse ] --START--
INFO: Run ParseTemplate Behavior [ RunTime:0.023391s ]
INFO: [ view_parse ] --END-- [ RunTime:0.023494s ]
INFO: [ view_filter ] --START--
INFO: Run ContentReplace Behavior [ RunTime:0.001258s ]
INFO: Run TokenBuild Behavior [ RunTime:0.000878s ]
INFO: Run WriteHtmlCache Behavior [ RunTime:0.000675s ]
INFO: Run ShowRuntime Behavior [ RunTime:0.000891s ]
INFO: [ view_filter ] --END-- [ RunTime:0.003932s ]
INFO: [ view_end ] --START--
INFO: Run ShowPageTrace Behavior [ RunTime:0.001558s ]
INFO: [ view_end ] --END-- [ RunTime:0.001651s ]

[ 2013-03-11T21:34:45+08:00 ] 127.0.0.1 /yuejian/
INFO: [ app_begin ] --START--
INFO: Run ReadHtmlCache Behavior [ RunTime:0.001533s ]
INFO: [ app_begin ] --END-- [ RunTime:0.001694s ]
INFO: [ view_template ] --START--
INFO: Run LocationTemplate Behavior [ RunTime:0.002311s ]
INFO: [ view_template ] --END-- [ RunTime:0.002420s ]
INFO: [ view_parse ] --START--
INFO: Run ParseTemplate Behavior [ RunTime:0.057428s ]
INFO: [ view_parse ] --END-- [ RunTime:0.057530s ]
INFO: [ view_filter ] --START--
INFO: Run ContentReplace Behavior [ RunTime:0.001734s ]
INFO: Run TokenBuild Behavior [ RunTime:0.001110s ]
INFO: Run WriteHtmlCache Behavior [ RunTime:0.000912s ]
INFO: Run ShowRuntime Behavior [ RunTime:0.001224s ]
INFO: [ view_filter ] --END-- [ RunTime:0.005213s ]
INFO: [ view_end ] --START--
INFO: Run ShowPageTrace Behavior [ RunTime:0.001830s ]
INFO: [ view_end ] --END-- [ RunTime:0.001936s ]

[ 2013-03-11T21:34:50+08:00 ] 127.0.0.1 /yuejian/index.php
INFO: [ app_begin ] --START--
INFO: Run ReadHtmlCache Behavior [ RunTime:0.001237s ]
INFO: [ app_begin ] --END-- [ RunTime:0.001402s ]
INFO: [ view_template ] --START--
INFO: Run LocationTemplate Behavior [ RunTime:0.002335s ]
INFO: [ view_template ] --END-- [ RunTime:0.002477s ]
INFO: [ view_parse ] --START--
INFO: Run ParseTemplate Behavior [ RunTime:0.027278s ]
INFO: [ view_parse ] --END-- [ RunTime:0.027401s ]
INFO: [ view_filter ] --START--
INFO: Run ContentReplace Behavior [ RunTime:0.001692s ]
INFO: Run TokenBuild Behavior [ RunTime:0.001346s ]
INFO: Run WriteHtmlCache Behavior [ RunTime:0.001748s ]
INFO: Run ShowRuntime Behavior [ RunTime:0.001453s ]
INFO: [ view_filter ] --END-- [ RunTime:0.006564s ]
INFO: [ view_end ] --START--
INFO: Run ShowPageTrace Behavior [ RunTime:0.001818s ]
INFO: [ view_end ] --END-- [ RunTime:0.001938s ]

[ 2013-03-11T21:35:10+08:00 ] 127.0.0.1 /yuejian/index.php
INFO: [ app_begin ] --START--
INFO: Run ReadHtmlCache Behavior [ RunTime:0.001389s ]
INFO: [ app_begin ] --END-- [ RunTime:0.001532s ]
INFO: [ view_template ] --START--
INFO: Run LocationTemplate Behavior [ RunTime:0.001488s ]
INFO: [ view_template ] --END-- [ RunTime:0.001597s ]
INFO: [ view_parse ] --START--
INFO: Run ParseTemplate Behavior [ RunTime:0.037738s ]
INFO: [ view_parse ] --END-- [ RunTime:0.037838s ]
INFO: [ view_filter ] --START--
INFO: Run ContentReplace Behavior [ RunTime:0.001310s ]
INFO: Run TokenBuild Behavior [ RunTime:0.001023s ]
INFO: Run WriteHtmlCache Behavior [ RunTime:0.000879s ]
INFO: Run ShowRuntime Behavior [ RunTime:0.001124s ]
INFO: [ view_filter ] --END-- [ RunTime:0.004594s ]
INFO: [ view_end ] --START--
INFO: Run ShowPageTrace Behavior [ RunTime:0.008227s ]
INFO: [ view_end ] --END-- [ RunTime:0.008342s ]

[ 2013-03-11T21:35:16+08:00 ] 127.0.0.1 /yuejian/index.php
INFO: [ app_begin ] --START--
INFO: Run ReadHtmlCache Behavior [ RunTime:0.000919s ]
INFO: [ app_begin ] --END-- [ RunTime:0.001042s ]
INFO: [ view_template ] --START--
INFO: Run LocationTemplate Behavior [ RunTime:0.000799s ]
INFO: [ view_template ] --END-- [ RunTime:0.000893s ]
INFO: [ view_parse ] --START--
INFO: Run ParseTemplate Behavior [ RunTime:0.018291s ]
INFO: [ view_parse ] --END-- [ RunTime:0.018392s ]
INFO: [ view_filter ] --START--
INFO: Run ContentReplace Behavior [ RunTime:0.001068s ]
INFO: Run TokenBuild Behavior [ RunTime:0.000750s ]
INFO: Run WriteHtmlCache Behavior [ RunTime:0.000598s ]
INFO: Run ShowRuntime Behavior [ RunTime:0.000841s ]
INFO: [ view_filter ] --END-- [ RunTime:0.003481s ]
INFO: [ view_end ] --START--
INFO: Run ShowPageTrace Behavior [ RunTime:0.001523s ]
INFO: [ view_end ] --END-- [ RunTime:0.001639s ]

