[ 2013-03-09T14:49:02+08:00 ] 127.0.0.1 /yuejian/a.php?m=Account&a=logout
INFO: [ app_begin ] --START--
INFO: Run ReadHtmlCache Behavior [ RunTime:0.001544s ]
INFO: [ app_begin ] --END-- [ RunTime:0.001657s ]

[ 2013-03-09T14:55:13+08:00 ] 127.0.0.1 /yuejian/a.php?m=Seller&a=status&uid=1fca9b0a-53e3-11e2-b0bb-047d7b30caca
INFO: [ app_begin ] --START--
INFO: Run ReadHtmlCache Behavior [ RunTime:0.002034s ]
INFO: [ app_begin ] --END-- [ RunTime:0.002202s ]
SQL: SHOW COLUMNS FROM `yue_status` [ RunTime:0.006519s ]
SQL: SELECT `html` FROM `yue_status` WHERE ( `uid` = '1fca9b0a-53e3-11e2-b0bb-047d7b30caca' ) LIMIT 1   [ RunTime:0.000500s ]

[ 2013-03-09T14:57:11+08:00 ] 127.0.0.1 /yuejian/a.php?m=Seller&a=status&uid=1fca9b0a-53e3-11e2-b0bb-047d7b30caca
INFO: [ app_begin ] --START--
INFO: Run ReadHtmlCache Behavior [ RunTime:0.001471s ]
INFO: [ app_begin ] --END-- [ RunTime:0.001580s ]
SQL: SHOW COLUMNS FROM `yue_status` [ RunTime:0.006347s ]
SQL: SELECT `html` FROM `yue_status` WHERE ( `uid` = '1fca9b0a-53e3-11e2-b0bb-047d7b30caca' ) LIMIT 1   [ RunTime:0.000877s ]

[ 2013-03-09T14:57:21+08:00 ] 127.0.0.1 /yuejian/a.php?m=Seller&a=status&uid=1fca9b0a-53e3-11e2-b0bb-047d7b30caca
INFO: [ app_begin ] --START--
INFO: Run ReadHtmlCache Behavior [ RunTime:0.001362s ]
INFO: [ app_begin ] --END-- [ RunTime:0.001462s ]
SQL: SHOW COLUMNS FROM `yue_status` [ RunTime:0.006447s ]
SQL: SELECT `html` FROM `yue_status` WHERE ( `uid` = '1fca9b0a-53e3-11e2-b0bb-047d7b30caca' ) LIMIT 1   [ RunTime:0.000488s ]

[ 2013-03-09T18:02:56+08:00 ] 127.0.0.1 /yuejian/a.php?m=Seller&a=status&uid=1fca9b0a-53e3-11e2-b0bb-047d7b30caca
INFO: [ app_begin ] --START--
INFO: Run ReadHtmlCache Behavior [ RunTime:0.001121s ]
INFO: [ app_begin ] --END-- [ RunTime:0.001253s ]
SQL: SHOW COLUMNS FROM `yue_status` [ RunTime:0.006114s ]
SQL: SELECT `html` FROM `yue_status` WHERE ( `uid` = '1fca9b0a-53e3-11e2-b0bb-047d7b30caca' ) LIMIT 1   [ RunTime:0.000534s ]

[ 2013-03-09T18:03:16+08:00 ] 127.0.0.1 /yuejian/a.php?m=Seller&a=status&uid=1fca9b0a-53e3-11e2-b0bb-047d7b30caca
INFO: [ app_begin ] --START--
INFO: Run ReadHtmlCache Behavior [ RunTime:0.000877s ]
INFO: [ app_begin ] --END-- [ RunTime:0.000968s ]
SQL: SHOW COLUMNS FROM `yue_status` [ RunTime:0.006263s ]
SQL: SELECT `html` FROM `yue_status` WHERE ( `uid` = '1fca9b0a-53e3-11e2-b0bb-047d7b30caca' ) LIMIT 1   [ RunTime:0.000603s ]

[ 2013-03-09T18:08:07+08:00 ] 127.0.0.1 /yuejian/a.php?m=Account&a=logout
INFO: [ app_begin ] --START--
INFO: Run ReadHtmlCache Behavior [ RunTime:0.001219s ]
INFO: [ app_begin ] --END-- [ RunTime:0.001330s ]

[ 2013-03-09T22:40:48+08:00 ] 127.0.0.1 /yuejian/a.php?m=Seller&a=status&uid=6159fd94-53c1-11e2-b0bb-047d7b30caca
INFO: [ app_begin ] --START--
INFO: Run ReadHtmlCache Behavior [ RunTime:0.001278s ]
INFO: [ app_begin ] --END-- [ RunTime:0.001374s ]
SQL: SHOW COLUMNS FROM `yue_status` [ RunTime:0.005077s ]
SQL: SELECT `html` FROM `yue_status` WHERE ( `uid` = '6159fd94-53c1-11e2-b0bb-047d7b30caca' ) LIMIT 1   [ RunTime:0.000516s ]

[ 2013-03-09T23:15:21+08:00 ] 127.0.0.1 /yuejian/a.php?m=Seller&a=status&uid=1fca9b0a-53e3-11e2-b0bb-047d7b30caca
INFO: [ app_begin ] --START--
INFO: Run ReadHtmlCache Behavior [ RunTime:0.001180s ]
INFO: [ app_begin ] --END-- [ RunTime:0.001304s ]
SQL: SHOW COLUMNS FROM `yue_status` [ RunTime:0.006341s ]
SQL: SELECT `html` FROM `yue_status` WHERE ( `uid` = '1fca9b0a-53e3-11e2-b0bb-047d7b30caca' ) LIMIT 1   [ RunTime:0.000484s ]

