[ 2013-03-13T00:29:49+08:00 ] 124.193.151.18 /a.php?m=Seller&a=status&uid=1fca9b0a-53e3-11e2-b0bb-047d7b30caca
INFO: [ app_begin ] --START--
INFO: Run ReadHtmlCache Behavior [ RunTime:0.000715s ]
INFO: [ app_begin ] --END-- [ RunTime:0.000790s ]
SQL: SHOW COLUMNS FROM `yue_status` [ RunTime:0.000502s ]
SQL: SELECT `html` FROM `yue_status` WHERE ( `uid` = '1fca9b0a-53e3-11e2-b0bb-047d7b30caca' ) LIMIT 1   [ RunTime:0.000295s ]

[ 2013-03-13T00:50:29+08:00 ] 124.193.151.18 /a.php?m=OAuth&a=weiboConnectCallback&code=66d3ae759c533292fef4729de1cc4f28
INFO: [ app_begin ] --START--
INFO: Run ReadHtmlCache Behavior [ RunTime:0.000722s ]
INFO: [ app_begin ] --END-- [ RunTime:0.000818s ]
NOTIC: [8] Undefined index: token /var/www/html/yuejian1/A/Lib/Action/OAuthAction.class.php 第 106 行.
NOTIC: [8] Undefined index: uid /var/www/html/yuejian1/A/Lib/Action/OAuthAction.class.php 第 108 行.
NOTIC: [8] Undefined index: name /var/www/html/yuejian1/A/Lib/Action/OAuthAction.class.php 第 110 行.

[ 2013-03-13T00:51:23+08:00 ] 124.193.151.18 /a.php?m=OAuth&a=weiboConnectCallback&code=0a96460dae157559158bb89232a842d0
INFO: [ app_begin ] --START--
INFO: Run ReadHtmlCache Behavior [ RunTime:0.000921s ]
INFO: [ app_begin ] --END-- [ RunTime:0.001009s ]
NOTIC: [8] Undefined index: token /var/www/html/yuejian1/A/Lib/Action/OAuthAction.class.php 第 106 行.
NOTIC: [8] Undefined index: uid /var/www/html/yuejian1/A/Lib/Action/OAuthAction.class.php 第 108 行.
NOTIC: [8] Undefined index: name /var/www/html/yuejian1/A/Lib/Action/OAuthAction.class.php 第 110 行.

[ 2013-03-13T00:51:25+08:00 ] 124.193.151.18 /a.php?m=OAuth&a=weiboConnectCallback&code=45912bde681b6923687fc9e3451f55e2
INFO: [ app_begin ] --START--
INFO: Run ReadHtmlCache Behavior [ RunTime:0.000735s ]
INFO: [ app_begin ] --END-- [ RunTime:0.000823s ]
NOTIC: [8] Undefined index: token /var/www/html/yuejian1/A/Lib/Action/OAuthAction.class.php 第 106 行.
NOTIC: [8] Undefined index: uid /var/www/html/yuejian1/A/Lib/Action/OAuthAction.class.php 第 108 行.
NOTIC: [8] Undefined index: name /var/www/html/yuejian1/A/Lib/Action/OAuthAction.class.php 第 110 行.

[ 2013-03-13T00:51:41+08:00 ] 124.193.151.18 /a.php?m=OAuth&a=weiboConnectCallback&code=75f87e24398d968c2538d7b6d2fe4a94
INFO: [ app_begin ] --START--
INFO: Run ReadHtmlCache Behavior [ RunTime:0.000766s ]
INFO: [ app_begin ] --END-- [ RunTime:0.000855s ]
NOTIC: [8] Undefined index: token /var/www/html/yuejian1/A/Lib/Action/OAuthAction.class.php 第 106 行.
NOTIC: [8] Undefined index: uid /var/www/html/yuejian1/A/Lib/Action/OAuthAction.class.php 第 108 行.
NOTIC: [8] Undefined index: name /var/www/html/yuejian1/A/Lib/Action/OAuthAction.class.php 第 110 行.

[ 2013-03-13T00:52:20+08:00 ] 124.193.151.18 /a.php?m=OAuth&a=weiboConnectCallback&code=43e0e86ffe847ee4d57396b5a676beb7
INFO: [ app_begin ] --START--
INFO: Run ReadHtmlCache Behavior [ RunTime:0.000730s ]
INFO: [ app_begin ] --END-- [ RunTime:0.000818s ]
NOTIC: [8] Undefined index: token /var/www/html/yuejian1/A/Lib/Action/OAuthAction.class.php 第 106 行.
NOTIC: [8] Undefined index: uid /var/www/html/yuejian1/A/Lib/Action/OAuthAction.class.php 第 108 行.
NOTIC: [8] Undefined index: name /var/www/html/yuejian1/A/Lib/Action/OAuthAction.class.php 第 110 行.

[ 2013-03-13T00:53:40+08:00 ] 124.193.151.18 /a.php?m=OAuth&a=weiboConnectCallback&code=35fee6520019b1e5c711b017b4abaf58
INFO: [ app_begin ] --START--
INFO: Run ReadHtmlCache Behavior [ RunTime:0.000715s ]
INFO: [ app_begin ] --END-- [ RunTime:0.000803s ]
NOTIC: [8] Undefined index: token /var/www/html/yuejian1/A/Lib/Action/OAuthAction.class.php 第 106 行.
NOTIC: [8] Undefined index: uid /var/www/html/yuejian1/A/Lib/Action/OAuthAction.class.php 第 108 行.
NOTIC: [8] Undefined index: name /var/www/html/yuejian1/A/Lib/Action/OAuthAction.class.php 第 110 行.

[ 2013-03-13T00:55:00+08:00 ] 124.193.151.18 /a.php?m=OAuth&a=weiboConnectCallback&code=30aea073a3ae1b4c74bc8a1fd382c6e0
INFO: [ app_begin ] --START--
INFO: Run ReadHtmlCache Behavior [ RunTime:0.000767s ]
INFO: [ app_begin ] --END-- [ RunTime:0.000841s ]
NOTIC: [8] Undefined index: token /var/www/html/yuejian1/A/Lib/Action/OAuthAction.class.php 第 106 行.
NOTIC: [8] Undefined index: uid /var/www/html/yuejian1/A/Lib/Action/OAuthAction.class.php 第 108 行.
NOTIC: [8] Undefined index: name /var/www/html/yuejian1/A/Lib/Action/OAuthAction.class.php 第 110 行.

[ 2013-03-13T00:55:30+08:00 ] 124.193.151.18 /a.php?m=OAuth&a=weiboConnectCallback&code=ee59df1bb1fedcad692a3a9d61cc16e2
INFO: [ app_begin ] --START--
INFO: Run ReadHtmlCache Behavior [ RunTime:0.000488s ]
INFO: [ app_begin ] --END-- [ RunTime:0.000570s ]
NOTIC: [8] Undefined index: token /var/www/html/yuejian1/A/Lib/Action/OAuthAction.class.php 第 106 行.
NOTIC: [8] Undefined index: uid /var/www/html/yuejian1/A/Lib/Action/OAuthAction.class.php 第 108 行.
NOTIC: [8] Undefined index: name /var/www/html/yuejian1/A/Lib/Action/OAuthAction.class.php 第 110 行.

[ 2013-03-13T00:56:28+08:00 ] 124.193.151.18 /a.php?m=OAuth&a=weiboConnectCallback&code=577252b490c38768182aeac3ba77b700
INFO: [ app_begin ] --START--
INFO: Run ReadHtmlCache Behavior [ RunTime:0.000735s ]
INFO: [ app_begin ] --END-- [ RunTime:0.000823s ]
NOTIC: [8] Undefined index: token /var/www/html/yuejian1/A/Lib/Action/OAuthAction.class.php 第 106 行.
NOTIC: [8] Undefined index: uid /var/www/html/yuejian1/A/Lib/Action/OAuthAction.class.php 第 108 行.
NOTIC: [8] Undefined index: name /var/www/html/yuejian1/A/Lib/Action/OAuthAction.class.php 第 110 行.

[ 2013-03-13T00:57:05+08:00 ] 124.193.151.18 /a.php?m=OAuth&a=weiboConnectCallback&code=8a1135afe430b2f5285551f746604aee
INFO: [ app_begin ] --START--
INFO: Run ReadHtmlCache Behavior [ RunTime:0.000715s ]
INFO: [ app_begin ] --END-- [ RunTime:0.000824s ]
NOTIC: [8] Undefined index: token /var/www/html/yuejian1/A/Lib/Action/OAuthAction.class.php 第 106 行.
NOTIC: [8] Undefined index: uid /var/www/html/yuejian1/A/Lib/Action/OAuthAction.class.php 第 108 行.
NOTIC: [8] Undefined index: name /var/www/html/yuejian1/A/Lib/Action/OAuthAction.class.php 第 110 行.

[ 2013-03-13T00:59:22+08:00 ] 124.193.151.18 /a.php?m=OAuth&a=weiboConnectCallback&code=5d9f63cd56eaa83d8626da98a92cca91
INFO: [ app_begin ] --START--
INFO: Run ReadHtmlCache Behavior [ RunTime:0.000739s ]
INFO: [ app_begin ] --END-- [ RunTime:0.000827s ]
NOTIC: [8] Undefined index: token /var/www/html/yuejian1/A/Lib/Action/OAuthAction.class.php 第 106 行.

[ 2013-03-13T01:09:07+08:00 ] ERR: (ThinkException) 非法操作:weiboConnectCallback
