[ 2013-03-11T16:59:50+08:00 ] ERR: (ThinkException) Access denied for user 'root'@'localhost' (using password: NO)
[ 2013-03-11T17:00:07+08:00 ] ERR: (ThinkException) Access denied for user 'root'@'localhost' (using password: NO)
[ 2013-03-11T17:00:09+08:00 ] ERR: (ThinkException) Access denied for user 'root'@'localhost' (using password: NO)
[ 2013-03-11T17:00:33+08:00 ] ERR: (ThinkException) Access denied for user 'root'@'localhost' (using password: NO)
[ 2013-03-11T17:00:34+08:00 ] ERR: (ThinkException) Access denied for user 'root'@'localhost' (using password: NO)
[ 2013-03-11T17:00:35+08:00 ] ERR: (ThinkException) Access denied for user 'root'@'localhost' (using password: NO)
[ 2013-03-11T17:01:09+08:00 ] ERR: (ThinkException) Access denied for user 'root'@'localhost' (using password: NO)
[ 2013-03-11T17:01:12+08:00 ] ERR: (ThinkException) Access denied for user 'root'@'localhost' (using password: NO)
[ 2013-03-11T17:01:13+08:00 ] ERR: (ThinkException) Access denied for user 'root'@'localhost' (using password: NO)
[ 2013-03-11T17:01:15+08:00 ] ERR: (ThinkException) Access denied for user 'root'@'localhost' (using password: NO)
[ 2013-03-11T17:01:16+08:00 ] ERR: (ThinkException) Access denied for user 'root'@'localhost' (using password: NO)
[ 2013-03-11T17:01:17+08:00 ] ERR: (ThinkException) Access denied for user 'root'@'localhost' (using password: NO)
[ 2013-03-11T17:01:19+08:00 ] ERR: (ThinkException) Access denied for user 'root'@'localhost' (using password: NO)
[ 2013-03-11T17:01:27+08:00 ] ERR: (ThinkException) Access denied for user 'root'@'localhost' (using password: NO)
[ 2013-03-11T17:01:30+08:00 ] ERR: (ThinkException) Access denied for user 'root'@'localhost' (using password: NO)
[ 2013-03-11T17:01:31+08:00 ] ERR: (ThinkException) Access denied for user 'root'@'localhost' (using password: NO)
[ 2013-03-11T17:04:01+08:00 ] ERR: (ThinkException) Access denied for user 'root'@'localhost' (using password: NO)
[ 2013-03-11T17:04:02+08:00 ] ERR: (ThinkException) Access denied for user 'root'@'localhost' (using password: NO)
[ 2013-03-11T17:08:23+08:00 ] ERR: (ThinkException) Access denied for user 'root'@'localhost' (using password: NO)
[ 2013-03-11T17:10:46+08:00 ] ERR: (ThinkException) Access denied for user 'root'@'localhost' (using password: NO)
[ 2013-03-11T17:10:48+08:00 ] ERR: (ThinkException) Access denied for user 'root'@'localhost' (using password: NO)
[ 2013-03-11T17:10:50+08:00 ] ERR: (ThinkException) Access denied for user 'root'@'localhost' (using password: NO)
[ 2013-03-11T17:10:52+08:00 ] ERR: (ThinkException) Access denied for user 'root'@'localhost' (using password: NO)
[ 2013-03-11T17:12:23+08:00 ] ERR: (ThinkException) Access denied for user 'root'@'localhost' (using password: NO)
[ 2013-03-11T17:12:24+08:00 ] ERR: (ThinkException) Access denied for user 'root'@'localhost' (using password: NO)
[ 2013-03-11T17:12:26+08:00 ] ERR: (ThinkException) Access denied for user 'root'@'localhost' (using password: NO)
[ 2013-03-11T17:12:27+08:00 ] ERR: (ThinkException) Access denied for user 'root'@'localhost' (using password: NO)
[ 2013-03-11T17:12:28+08:00 ] ERR: (ThinkException) Access denied for user 'root'@'localhost' (using password: NO)
[ 2013-03-11T22:12:45+08:00 ] ERR: (ThinkException) Access denied for user 'root'@'localhost' (using password: NO)
[ 2013-03-11T22:12:46+08:00 ] ERR: (ThinkException) Access denied for user 'root'@'localhost' (using password: NO)
[ 2013-03-11T22:12:48+08:00 ] ERR: (ThinkException) Access denied for user 'root'@'localhost' (using password: NO)
[ 2013-03-11T22:12:49+08:00 ] ERR: (ThinkException) Access denied for user 'root'@'localhost' (using password: NO)
[ 2013-03-11T22:12:51+08:00 ] ERR: (ThinkException) Access denied for user 'root'@'localhost' (using password: NO)
[ 2013-03-11T22:16:19+08:00 ] ERR: (ThinkException) Access denied for user 'root'@'localhost' (using password: NO)
[ 2013-03-11T22:16:22+08:00 ] ERR: (ThinkException) Access denied for user 'root'@'localhost' (using password: NO)
[ 2013-03-11T22:16:26+08:00 ] 127.0.0.1 /yuejian/a.php
INFO: [ app_begin ] --START--
INFO: Run ReadHtmlCache Behavior [ RunTime:0.000331s ]
INFO: [ app_begin ] --END-- [ RunTime:0.000412s ]
INFO: [ view_parse ] --START--
INFO: Run ParseTemplate Behavior [ RunTime:0.004925s ]
INFO: [ view_parse ] --END-- [ RunTime:0.005019s ]
INFO: [ view_filter ] --START--
INFO: Run ContentReplace Behavior [ RunTime:0.000221s ]
INFO: Run TokenBuild Behavior [ RunTime:0.000202s ]
INFO: Run WriteHtmlCache Behavior [ RunTime:0.000114s ]
INFO: Run ShowRuntime Behavior [ RunTime:0.000242s ]
INFO: [ view_filter ] --END-- [ RunTime:0.000898s ]
INFO: [ view_end ] --START--
INFO: Run ShowPageTrace Behavior [ RunTime:0.000537s ]
INFO: [ view_end ] --END-- [ RunTime:0.000609s ]

[ 2013-03-11T22:19:11+08:00 ] 127.0.0.1 /yuejian/a.php
INFO: [ app_begin ] --START--
INFO: Run ReadHtmlCache Behavior [ RunTime:0.000464s ]
INFO: [ app_begin ] --END-- [ RunTime:0.000565s ]
INFO: [ view_parse ] --START--
INFO: Run ParseTemplate Behavior [ RunTime:0.000723s ]
INFO: [ view_parse ] --END-- [ RunTime:0.000822s ]
INFO: [ view_filter ] --START--
INFO: Run ContentReplace Behavior [ RunTime:0.000318s ]
INFO: Run TokenBuild Behavior [ RunTime:0.000297s ]
INFO: Run WriteHtmlCache Behavior [ RunTime:0.000127s ]
INFO: Run ShowRuntime Behavior [ RunTime:0.000251s ]
INFO: [ view_filter ] --END-- [ RunTime:0.001139s ]
INFO: [ view_end ] --START--
INFO: Run ShowPageTrace Behavior [ RunTime:0.000447s ]
INFO: [ view_end ] --END-- [ RunTime:0.000500s ]

[ 2013-03-11T22:19:15+08:00 ] ERR: (ThinkException) Access denied for user 'root'@'localhost' (using password: NO)
