[ 2013-03-07T13:43:25+08:00 ] 127.0.0.1 /yuejian/a.php?m=Account&a=logout
INFO: [ app_begin ] --START--
INFO: Run ReadHtmlCache Behavior [ RunTime:0.000919s ]
INFO: [ app_begin ] --END-- [ RunTime:0.001039s ]

[ 2013-03-07T13:46:03+08:00 ] 127.0.0.1 /yuejian/a.php?m=Account&a=logout
INFO: [ app_begin ] --START--
INFO: Run ReadHtmlCache Behavior [ RunTime:0.001317s ]
INFO: [ app_begin ] --END-- [ RunTime:0.001481s ]

[ 2013-03-07T13:54:27+08:00 ] 127.0.0.1 /yuejian/a.php?m=Seller&a=status&uid=1fca9b0a-53e3-11e2-b0bb-047d7b30caca
INFO: [ app_begin ] --START--
INFO: Run ReadHtmlCache Behavior [ RunTime:0.000816s ]
INFO: [ app_begin ] --END-- [ RunTime:0.000910s ]
SQL: SHOW COLUMNS FROM `yue_status` [ RunTime:0.004885s ]
SQL: SELECT `html` FROM `yue_status` WHERE ( `uid` = '1fca9b0a-53e3-11e2-b0bb-047d7b30caca' ) LIMIT 1   [ RunTime:0.000518s ]

[ 2013-03-07T13:55:30+08:00 ] 127.0.0.1 /yuejian/a.php?m=Seller&a=status&uid=1fca9b0a-53e3-11e2-b0bb-047d7b30caca
INFO: [ app_begin ] --START--
INFO: Run ReadHtmlCache Behavior [ RunTime:0.000817s ]
INFO: [ app_begin ] --END-- [ RunTime:0.000910s ]
SQL: SHOW COLUMNS FROM `yue_status` [ RunTime:0.004885s ]
SQL: SELECT `html` FROM `yue_status` WHERE ( `uid` = '1fca9b0a-53e3-11e2-b0bb-047d7b30caca' ) LIMIT 1   [ RunTime:0.000479s ]

[ 2013-03-07T14:02:39+08:00 ] 127.0.0.1 /yuejian/a.php?m=Seller&a=status&uid=1fca9b0a-53e3-11e2-b0bb-047d7b30caca
INFO: [ app_begin ] --START--
INFO: Run ReadHtmlCache Behavior [ RunTime:0.000796s ]
INFO: [ app_begin ] --END-- [ RunTime:0.000892s ]
SQL: SHOW COLUMNS FROM `yue_status` [ RunTime:0.004842s ]
SQL: SELECT `html` FROM `yue_status` WHERE ( `uid` = '1fca9b0a-53e3-11e2-b0bb-047d7b30caca' ) LIMIT 1   [ RunTime:0.000628s ]

[ 2013-03-07T14:07:42+08:00 ] 127.0.0.1 /yuejian/a.php?m=Seller&a=status&uid=1fca9b0a-53e3-11e2-b0bb-047d7b30caca
INFO: [ app_begin ] --START--
INFO: Run ReadHtmlCache Behavior [ RunTime:0.000854s ]
INFO: [ app_begin ] --END-- [ RunTime:0.000952s ]
SQL: SHOW COLUMNS FROM `yue_status` [ RunTime:0.004496s ]
SQL: SELECT `html` FROM `yue_status` WHERE ( `uid` = '1fca9b0a-53e3-11e2-b0bb-047d7b30caca' ) LIMIT 1   [ RunTime:0.000495s ]

[ 2013-03-07T14:18:33+08:00 ] 127.0.0.1 /yuejian/a.php?m=Seller&a=status&uid=1fca9b0a-53e3-11e2-b0bb-047d7b30caca
INFO: [ app_begin ] --START--
INFO: Run ReadHtmlCache Behavior [ RunTime:0.000804s ]
INFO: [ app_begin ] --END-- [ RunTime:0.000896s ]
SQL: SHOW COLUMNS FROM `yue_status` [ RunTime:0.004964s ]
SQL: SELECT `html` FROM `yue_status` WHERE ( `uid` = '1fca9b0a-53e3-11e2-b0bb-047d7b30caca' ) LIMIT 1   [ RunTime:0.000532s ]

[ 2013-03-07T14:20:49+08:00 ] 127.0.0.1 /yuejian/a.php?m=Account&a=logout
INFO: [ app_begin ] --START--
INFO: Run ReadHtmlCache Behavior [ RunTime:0.001359s ]
INFO: [ app_begin ] --END-- [ RunTime:0.001488s ]

[ 2013-03-07T19:14:41+08:00 ] 127.0.0.1 /yuejian/a.php?m=Seller&a=status&uid=1fca9b0a-53e3-11e2-b0bb-047d7b30caca
INFO: [ app_begin ] --START--
INFO: Run ReadHtmlCache Behavior [ RunTime:0.000999s ]
INFO: [ app_begin ] --END-- [ RunTime:0.001096s ]
SQL: SHOW COLUMNS FROM `yue_status` [ RunTime:0.008241s ]
SQL: SELECT `html` FROM `yue_status` WHERE ( `uid` = '1fca9b0a-53e3-11e2-b0bb-047d7b30caca' ) LIMIT 1   [ RunTime:0.000762s ]

[ 2013-03-07T19:53:27+08:00 ] 127.0.0.1 /yuejian/a.php?m=Seller&a=status&uid=1fca9b0a-53e3-11e2-b0bb-047d7b30caca
INFO: [ app_begin ] --START--
INFO: Run ReadHtmlCache Behavior [ RunTime:0.001248s ]
INFO: [ app_begin ] --END-- [ RunTime:0.001372s ]
SQL: SHOW COLUMNS FROM `yue_status` [ RunTime:0.006723s ]
SQL: SELECT `html` FROM `yue_status` WHERE ( `uid` = '1fca9b0a-53e3-11e2-b0bb-047d7b30caca' ) LIMIT 1   [ RunTime:0.000648s ]

[ 2013-03-07T20:10:23+08:00 ] 127.0.0.1 /yuejian/a.php?m=Account&a=logout
INFO: [ app_begin ] --START--
INFO: Run ReadHtmlCache Behavior [ RunTime:0.001327s ]
INFO: [ app_begin ] --END-- [ RunTime:0.001435s ]

[ 2013-03-07T21:12:04+08:00 ] 127.0.0.1 /yuejian/a.php?m=Account&a=logout
INFO: [ app_begin ] --START--
INFO: Run ReadHtmlCache Behavior [ RunTime:0.001582s ]
INFO: [ app_begin ] --END-- [ RunTime:0.001696s ]

[ 2013-03-07T21:23:14+08:00 ] 127.0.0.1 /yuejian/a.php?m=Account&a=logout
INFO: [ app_begin ] --START--
INFO: Run ReadHtmlCache Behavior [ RunTime:0.001377s ]
INFO: [ app_begin ] --END-- [ RunTime:0.001489s ]

[ 2013-03-07T22:44:44+08:00 ] 127.0.0.1 /yuejian/a.php?m=Account&a=logout
INFO: [ app_begin ] --START--
INFO: Run ReadHtmlCache Behavior [ RunTime:0.000935s ]
INFO: [ app_begin ] --END-- [ RunTime:0.001038s ]

